#
# There is insufficient memory for the Java Runtime Environment to continue.
# Native memory allocation (malloc) failed to allocate 909376 bytes for Chunk::new
# Possible reasons:
#   The system is out of physical RAM or swap space
#   The process is running with CompressedOops enabled, and the Java Heap may be blocking the growth of the native heap
# Possible solutions:
#   Reduce memory load on the system
#   Increase physical memory or swap space
#   Check if swap backing store is full
#   Decrease Java heap size (-Xmx/-Xms)
#   Decrease number of Java threads
#   Decrease Java thread stack sizes (-Xss)
#   Set larger code cache with -XX:ReservedCodeCacheSize=
#   JVM is running with Unscaled Compressed Oops mode in which the Java heap is
#     placed in the first 4GB address space. The Java Heap base address is the
#     maximum limit for the native heap growth. Please use -XX:HeapBaseMinAddress
#     to set the Java Heap base and to place the Java Heap above 4GB virtual address.
# This output file may be truncated or incomplete.
#
#  Out of Memory Error (arena.cpp:191), pid=2932, tid=23828
#
# JRE version: OpenJDK Runtime Environment Temurin-17.0.9+9 (17.0.9+9) (build 17.0.9+9)
# Java VM: OpenJDK 64-Bit Server VM Temurin-17.0.9+9 (17.0.9+9, mixed mode, tiered, compressed oops, compressed class ptrs, g1 gc, windows-amd64)
# No core dump will be written. Minidumps are not enabled by default on client versions of Windows
#

---------------  S U M M A R Y ------------

Command Line: -ea -Dfile.encoding=UTF-8 -Dstdout.encoding=UTF-8 -Dstderr.encoding=UTF-8 -XX:+ShowCodeDetailsInExceptionMessages org.testng.remote.RemoteTestNG -serport 62801 -protocol json -d C:\Users\ABINESH\OneDrive\Desktop\Mahesh P\BookCart\test-output C:\Users\ABINESH\AppData\Local\Temp\testng-eclipse--249403209\testng-customsuite.xml

Host: AMD Ryzen 3 3250U with Radeon Graphics         , 4 cores, 3G,  Windows 11 , 64 bit Build 22621 (10.0.22621.3527)
Time: Thu Jun  6 12:15:52 2024 India Standard Time elapsed time: 99.006028 seconds (0d 0h 1m 39s)

---------------  T H R E A D  ---------------

Current thread (0x0000029ca1904c80):  JavaThread "C2 CompilerThread0" daemon [_thread_in_native, id=23828, stack(0x000000e4b9a00000,0x000000e4b9b00000)]


Current CompileTask:
C2:  99006 3188       4       jdk.internal.org.objectweb.asm.Frame::execute (2305 bytes)

Stack: [0x000000e4b9a00000,0x000000e4b9b00000]
Native frames: (J=compiled Java code, j=interpreted, Vv=VM code, C=native code)
V  [jvm.dll+0x67cf49]
V  [jvm.dll+0x83478a]
V  [jvm.dll+0x83624e]
V  [jvm.dll+0x8368b3]
V  [jvm.dll+0x247f1f]
V  [jvm.dll+0xac43c]
V  [jvm.dll+0xaca8c]
V  [jvm.dll+0x2af45f]
V  [jvm.dll+0x5853f7]
V  [jvm.dll+0x222f62]
V  [jvm.dll+0x22334f]
V  [jvm.dll+0x21c476]
V  [jvm.dll+0x2198c1]
V  [jvm.dll+0x1a57cd]
V  [jvm.dll+0x2297ae]
V  [jvm.dll+0x22797c]
V  [jvm.dll+0x7e9877]
V  [jvm.dll+0x7e3c3a]
V  [jvm.dll+0x67be35]
C  [ucrtbase.dll+0x29333]
C  [KERNEL32.DLL+0x1257d]
C  [ntdll.dll+0x5aa48]


---------------  P R O C E S S  ---------------

Threads class SMR info:
_java_thread_list=0x0000029ca62da1e0, length=27, elements={
0x0000029c8ada72d0, 0x0000029ca18bae10, 0x0000029ca18bba90, 0x0000029ca1901280,
0x0000029ca1901c40, 0x0000029ca1902600, 0x0000029ca1902fc0, 0x0000029ca1904c80,
0x0000029ca1a72440, 0x0000029ca1a7b130, 0x0000029ca1b791f0, 0x0000029ca1b8e980,
0x0000029ca6356f80, 0x0000029ca71cf090, 0x0000029ca73e4de0, 0x0000029ca6d95380,
0x0000029ca6d45850, 0x0000029ca77a5b40, 0x0000029ca1bcb060, 0x0000029ca1bcc9b0,
0x0000029ca1bcd3d0, 0x0000029ca1bcba80, 0x0000029ca1bce810, 0x0000029ca1bcb570,
0x0000029ca62aabf0, 0x0000029ca62a5af0, 0x0000029ca62a4bc0
}

Java Threads: ( => current thread )
  0x0000029c8ada72d0 JavaThread "main" [_thread_blocked, id=13132, stack(0x000000e4b8d00000,0x000000e4b8e00000)]
  0x0000029ca18bae10 JavaThread "Reference Handler" daemon [_thread_blocked, id=16660, stack(0x000000e4b9400000,0x000000e4b9500000)]
  0x0000029ca18bba90 JavaThread "Finalizer" daemon [_thread_blocked, id=11316, stack(0x000000e4b9500000,0x000000e4b9600000)]
  0x0000029ca1901280 JavaThread "Signal Dispatcher" daemon [_thread_blocked, id=4876, stack(0x000000e4b9600000,0x000000e4b9700000)]
  0x0000029ca1901c40 JavaThread "Attach Listener" daemon [_thread_blocked, id=4760, stack(0x000000e4b9700000,0x000000e4b9800000)]
  0x0000029ca1902600 JavaThread "Service Thread" daemon [_thread_blocked, id=25136, stack(0x000000e4b9800000,0x000000e4b9900000)]
  0x0000029ca1902fc0 JavaThread "Monitor Deflation Thread" daemon [_thread_blocked, id=14744, stack(0x000000e4b9900000,0x000000e4b9a00000)]
=>0x0000029ca1904c80 JavaThread "C2 CompilerThread0" daemon [_thread_in_native, id=23828, stack(0x000000e4b9a00000,0x000000e4b9b00000)]
  0x0000029ca1a72440 JavaThread "C1 CompilerThread0" daemon [_thread_blocked, id=20964, stack(0x000000e4b9b00000,0x000000e4b9c00000)]
  0x0000029ca1a7b130 JavaThread "Sweeper thread" daemon [_thread_blocked, id=18092, stack(0x000000e4b9c00000,0x000000e4b9d00000)]
  0x0000029ca1b791f0 JavaThread "Notification Thread" daemon [_thread_blocked, id=17780, stack(0x000000e4b9d00000,0x000000e4b9e00000)]
  0x0000029ca1b8e980 JavaThread "Common-Cleaner" daemon [_thread_blocked, id=9936, stack(0x000000e4b9f00000,0x000000e4ba000000)]
  0x0000029ca6356f80 JavaThread "ReaderThread" [_thread_in_native, id=25876, stack(0x000000e4ba100000,0x000000e4ba200000)]
  0x0000029ca71cf090 JavaThread "ForkJoinPool.commonPool-worker-1" daemon [_thread_blocked, id=25976, stack(0x000000e4ba500000,0x000000e4ba600000)]
  0x0000029ca73e4de0 JavaThread "HttpClient-1-SelectorManager" daemon [_thread_in_native, id=24012, stack(0x000000e4ba600000,0x000000e4ba700000)]
  0x0000029ca6d95380 JavaThread "Thread-2" [_thread_in_native, id=20296, stack(0x000000e4ba700000,0x000000e4ba800000)]
  0x0000029ca6d45850 JavaThread "Driver Service Executor" daemon [_thread_blocked, id=11508, stack(0x000000e4ba800000,0x000000e4ba900000)]
  0x0000029ca77a5b40 JavaThread "Driver Service Executor" daemon [_thread_blocked, id=21028, stack(0x000000e4ba900000,0x000000e4baa00000)]
  0x0000029ca1bcb060 JavaThread "pool-1-thread-1" [_thread_blocked, id=11304, stack(0x000000e4bac00000,0x000000e4bad00000)]
  0x0000029ca1bcc9b0 JavaThread "pool-1-thread-2" [_thread_blocked, id=20168, stack(0x000000e4bad00000,0x000000e4bae00000)]
  0x0000029ca1bcd3d0 JavaThread "pool-1-thread-3" [_thread_blocked, id=9528, stack(0x000000e4bae00000,0x000000e4baf00000)]
  0x0000029ca1bcba80 JavaThread "HttpClient-2-SelectorManager" daemon [_thread_in_native, id=25308, stack(0x000000e4bab00000,0x000000e4bac00000)]
  0x0000029ca1bce810 JavaThread "HttpClient-3-SelectorManager" daemon [_thread_in_native, id=12868, stack(0x000000e4b8b00000,0x000000e4b8c00000)]
  0x0000029ca1bcb570 JavaThread "UrlChecker-3" daemon [_thread_blocked, id=25400, stack(0x000000e4bb500000,0x000000e4bb600000)]
  0x0000029ca62aabf0 JavaThread "pool-3-thread-1" [_thread_blocked, id=25020, stack(0x000000e4bb700000,0x000000e4bb800000)]
  0x0000029ca62a5af0 JavaThread "pool-3-thread-2" [_thread_blocked, id=15560, stack(0x000000e4bb800000,0x000000e4bb900000)]
  0x0000029ca62a4bc0 JavaThread "pool-3-thread-3" [_thread_blocked, id=10972, stack(0x000000e4bb900000,0x000000e4bba00000)]

Other Threads:
  0x0000029ca18691f0 VMThread "VM Thread" [stack: 0x000000e4b9300000,0x000000e4b9400000] [id=17348]
  0x0000029ca1b7b6e0 WatcherThread [stack: 0x000000e4b9e00000,0x000000e4b9f00000] [id=11976]
  0x0000029c8ade1420 GCTaskThread "GC Thread#0" [stack: 0x000000e4b8e00000,0x000000e4b8f00000] [id=18740]
  0x0000029ca6694c80 GCTaskThread "GC Thread#1" [stack: 0x000000e4ba200000,0x000000e4ba300000] [id=22156]
  0x0000029ca6694f40 GCTaskThread "GC Thread#2" [stack: 0x000000e4ba300000,0x000000e4ba400000] [id=8236]
  0x0000029ca6695200 GCTaskThread "GC Thread#3" [stack: 0x000000e4ba400000,0x000000e4ba500000] [id=20320]
  0x0000029c8ade8ef0 ConcurrentGCThread "G1 Main Marker" [stack: 0x000000e4b8f00000,0x000000e4b9000000] [id=22412]
  0x0000029c8ade9810 ConcurrentGCThread "G1 Conc#0" [stack: 0x000000e4b9000000,0x000000e4b9100000] [id=18244]
  0x0000029c8ae25ae0 ConcurrentGCThread "G1 Refine#0" [stack: 0x000000e4b9100000,0x000000e4b9200000] [id=9124]
  0x0000029c8ae26410 ConcurrentGCThread "G1 Service" [stack: 0x000000e4b9200000,0x000000e4b9300000] [id=7076]

Threads with active compile tasks:
C2 CompilerThread0    99044 3188       4       jdk.internal.org.objectweb.asm.Frame::execute (2305 bytes)

VM state: not at safepoint (normal execution)

VM Mutex/Monitor currently owned by a thread: None

Heap address: 0x00000000c9c00000, size: 868 MB, Compressed Oops mode: 32-bit

CDS archive(s) not mapped
Compressed class space mapped at: 0x0000000100000000-0x0000000140000000, reserved size: 1073741824
Narrow klass base: 0x0000000000000000, Narrow klass shift: 3, Narrow klass range: 0x140000000

GC Precious Log:
 CPUs: 4 total, 4 available
 Memory: 3470M
 Large Page Support: Disabled
 NUMA Support: Disabled
 Compressed Oops: Enabled (32-bit)
 Heap Region Size: 1M
 Heap Min Capacity: 8M
 Heap Initial Capacity: 56M
 Heap Max Capacity: 868M
 Pre-touch: Disabled
 Parallel Workers: 4
 Concurrent Workers: 1
 Concurrent Refinement Workers: 4
 Periodic GC: Disabled

Heap:
 garbage-first heap   total 56320K, used 13081K [0x00000000c9c00000, 0x0000000100000000)
  region size 1024K, 2 young (2048K), 1 survivors (1024K)
 Metaspace       used 34219K, committed 34624K, reserved 1114112K
  class space    used 3971K, committed 4160K, reserved 1048576K

Heap Regions: E=young(eden), S=young(survivor), O=old, HS=humongous(starts), HC=humongous(continues), CS=collection set, F=free, OA=open archive, CA=closed archive, TAMS=top-at-mark-start (previous, next)
|   0|0x00000000c9c00000, 0x00000000c9d00000, 0x00000000c9d00000|100%| O|  |TAMS 0x00000000c9d00000, 0x00000000c9c00000| Untracked 
|   1|0x00000000c9d00000, 0x00000000c9e00000, 0x00000000c9e00000|100%| O|  |TAMS 0x00000000c9e00000, 0x00000000c9d00000| Untracked 
|   2|0x00000000c9e00000, 0x00000000c9f00000, 0x00000000c9f00000|100%| O|  |TAMS 0x00000000c9f00000, 0x00000000c9e00000| Untracked 
|   3|0x00000000c9f00000, 0x00000000c9ff3e00, 0x00000000ca000000| 95%| O|  |TAMS 0x00000000c9ff3e00, 0x00000000c9f00000| Untracked 
|   4|0x00000000ca000000, 0x00000000ca100000, 0x00000000ca100000|100%| O|  |TAMS 0x00000000ca100000, 0x00000000ca000000| Untracked 
|   5|0x00000000ca100000, 0x00000000ca200000, 0x00000000ca200000|100%| O|  |TAMS 0x00000000ca200000, 0x00000000ca100000| Untracked 
|   6|0x00000000ca200000, 0x00000000ca300000, 0x00000000ca300000|100%| O|  |TAMS 0x00000000ca300000, 0x00000000ca200000| Untracked 
|   7|0x00000000ca300000, 0x00000000ca300000, 0x00000000ca400000|  0%| F|  |TAMS 0x00000000ca300000, 0x00000000ca300000| Untracked 
|   8|0x00000000ca400000, 0x00000000ca500000, 0x00000000ca500000|100%|HS|  |TAMS 0x00000000ca500000, 0x00000000ca400000| Complete 
|   9|0x00000000ca500000, 0x00000000ca600000, 0x00000000ca600000|100%|HC|  |TAMS 0x00000000ca600000, 0x00000000ca500000| Complete 
|  10|0x00000000ca600000, 0x00000000ca700000, 0x00000000ca700000|100%| O|  |TAMS 0x00000000ca700000, 0x00000000ca600000| Untracked 
|  11|0x00000000ca700000, 0x00000000ca800000, 0x00000000ca800000|100%| O|  |TAMS 0x00000000ca800000, 0x00000000ca700000| Untracked 
|  12|0x00000000ca800000, 0x00000000ca89ba00, 0x00000000ca900000| 60%| O|  |TAMS 0x00000000ca800000, 0x00000000ca800000| Untracked 
|  13|0x00000000ca900000, 0x00000000ca900000, 0x00000000caa00000|  0%| F|  |TAMS 0x00000000ca900000, 0x00000000ca900000| Untracked 
|  14|0x00000000caa00000, 0x00000000caa00000, 0x00000000cab00000|  0%| F|  |TAMS 0x00000000caa00000, 0x00000000caa00000| Untracked 
|  15|0x00000000cab00000, 0x00000000cab00000, 0x00000000cac00000|  0%| F|  |TAMS 0x00000000cab00000, 0x00000000cab00000| Untracked 
|  16|0x00000000cac00000, 0x00000000cac00000, 0x00000000cad00000|  0%| F|  |TAMS 0x00000000cac00000, 0x00000000cac00000| Untracked 
|  17|0x00000000cad00000, 0x00000000cad00000, 0x00000000cae00000|  0%| F|  |TAMS 0x00000000cad00000, 0x00000000cad00000| Untracked 
|  18|0x00000000cae00000, 0x00000000cae00000, 0x00000000caf00000|  0%| F|  |TAMS 0x00000000cae00000, 0x00000000cae00000| Untracked 
|  19|0x00000000caf00000, 0x00000000cb000000, 0x00000000cb000000|100%| O|  |TAMS 0x00000000caf00000, 0x00000000caf00000| Untracked 
|  20|0x00000000cb000000, 0x00000000cb000000, 0x00000000cb100000|  0%| F|  |TAMS 0x00000000cb000000, 0x00000000cb000000| Untracked 
|  21|0x00000000cb100000, 0x00000000cb100000, 0x00000000cb200000|  0%| F|  |TAMS 0x00000000cb100000, 0x00000000cb100000| Untracked 
|  22|0x00000000cb200000, 0x00000000cb200000, 0x00000000cb300000|  0%| F|  |TAMS 0x00000000cb200000, 0x00000000cb200000| Untracked 
|  23|0x00000000cb300000, 0x00000000cb300000, 0x00000000cb400000|  0%| F|  |TAMS 0x00000000cb300000, 0x00000000cb300000| Untracked 
|  24|0x00000000cb400000, 0x00000000cb400000, 0x00000000cb500000|  0%| F|  |TAMS 0x00000000cb400000, 0x00000000cb400000| Untracked 
|  25|0x00000000cb500000, 0x00000000cb500000, 0x00000000cb600000|  0%| F|  |TAMS 0x00000000cb500000, 0x00000000cb500000| Untracked 
|  26|0x00000000cb600000, 0x00000000cb600000, 0x00000000cb700000|  0%| F|  |TAMS 0x00000000cb600000, 0x00000000cb600000| Untracked 
|  27|0x00000000cb700000, 0x00000000cb700000, 0x00000000cb800000|  0%| F|  |TAMS 0x00000000cb700000, 0x00000000cb700000| Untracked 
|  28|0x00000000cb800000, 0x00000000cb800000, 0x00000000cb900000|  0%| F|  |TAMS 0x00000000cb800000, 0x00000000cb800000| Untracked 
|  29|0x00000000cb900000, 0x00000000cb900000, 0x00000000cba00000|  0%| F|  |TAMS 0x00000000cb900000, 0x00000000cb900000| Untracked 
|  30|0x00000000cba00000, 0x00000000cba00000, 0x00000000cbb00000|  0%| F|  |TAMS 0x00000000cba00000, 0x00000000cba00000| Untracked 
|  31|0x00000000cbb00000, 0x00000000cbb00000, 0x00000000cbc00000|  0%| F|  |TAMS 0x00000000cbb00000, 0x00000000cbb00000| Untracked 
|  32|0x00000000cbc00000, 0x00000000cbc00000, 0x00000000cbd00000|  0%| F|  |TAMS 0x00000000cbc00000, 0x00000000cbc00000| Untracked 
|  33|0x00000000cbd00000, 0x00000000cbd00000, 0x00000000cbe00000|  0%| F|  |TAMS 0x00000000cbd00000, 0x00000000cbd00000| Untracked 
|  34|0x00000000cbe00000, 0x00000000cbe00000, 0x00000000cbf00000|  0%| F|  |TAMS 0x00000000cbe00000, 0x00000000cbe00000| Untracked 
|  35|0x00000000cbf00000, 0x00000000cbf00000, 0x00000000cc000000|  0%| F|  |TAMS 0x00000000cbf00000, 0x00000000cbf00000| Untracked 
|  36|0x00000000cc000000, 0x00000000cc000000, 0x00000000cc100000|  0%| F|  |TAMS 0x00000000cc000000, 0x00000000cc000000| Untracked 
|  37|0x00000000cc100000, 0x00000000cc100000, 0x00000000cc200000|  0%| F|  |TAMS 0x00000000cc100000, 0x00000000cc100000| Untracked 
|  38|0x00000000cc200000, 0x00000000cc200000, 0x00000000cc300000|  0%| F|  |TAMS 0x00000000cc200000, 0x00000000cc200000| Untracked 
|  39|0x00000000cc300000, 0x00000000cc300000, 0x00000000cc400000|  0%| F|  |TAMS 0x00000000cc300000, 0x00000000cc300000| Untracked 
|  40|0x00000000cc400000, 0x00000000cc400000, 0x00000000cc500000|  0%| F|  |TAMS 0x00000000cc400000, 0x00000000cc400000| Untracked 
|  41|0x00000000cc500000, 0x00000000cc500000, 0x00000000cc600000|  0%| F|  |TAMS 0x00000000cc500000, 0x00000000cc500000| Untracked 
|  42|0x00000000cc600000, 0x00000000cc600000, 0x00000000cc700000|  0%| F|  |TAMS 0x00000000cc600000, 0x00000000cc600000| Untracked 
|  43|0x00000000cc700000, 0x00000000cc700000, 0x00000000cc800000|  0%| F|  |TAMS 0x00000000cc700000, 0x00000000cc700000| Untracked 
|  44|0x00000000cc800000, 0x00000000cc800000, 0x00000000cc900000|  0%| F|  |TAMS 0x00000000cc800000, 0x00000000cc800000| Untracked 
|  45|0x00000000cc900000, 0x00000000cc900000, 0x00000000cca00000|  0%| F|  |TAMS 0x00000000cc900000, 0x00000000cc900000| Untracked 
|  46|0x00000000cca00000, 0x00000000cca00000, 0x00000000ccb00000|  0%| F|  |TAMS 0x00000000cca00000, 0x00000000cca00000| Untracked 
|  47|0x00000000ccb00000, 0x00000000ccb00000, 0x00000000ccc00000|  0%| F|  |TAMS 0x00000000ccb00000, 0x00000000ccb00000| Untracked 
|  48|0x00000000ccc00000, 0x00000000ccc00000, 0x00000000ccd00000|  0%| F|  |TAMS 0x00000000ccc00000, 0x00000000ccc00000| Untracked 
|  49|0x00000000ccd00000, 0x00000000ccd00000, 0x00000000cce00000|  0%| F|  |TAMS 0x00000000ccd00000, 0x00000000ccd00000| Untracked 
|  50|0x00000000cce00000, 0x00000000cce00000, 0x00000000ccf00000|  0%| F|  |TAMS 0x00000000cce00000, 0x00000000cce00000| Untracked 
|  51|0x00000000ccf00000, 0x00000000ccf00000, 0x00000000cd000000|  0%| F|  |TAMS 0x00000000ccf00000, 0x00000000ccf00000| Untracked 
|  52|0x00000000cd000000, 0x00000000cd000000, 0x00000000cd100000|  0%| F|  |TAMS 0x00000000cd000000, 0x00000000cd000000| Untracked 
|  53|0x00000000cd100000, 0x00000000cd136c30, 0x00000000cd200000| 21%| S|CS|TAMS 0x00000000cd100000, 0x00000000cd100000| Complete 
|  55|0x00000000cd300000, 0x00000000cd37f6d8, 0x00000000cd400000| 49%| E|  |TAMS 0x00000000cd300000, 0x00000000cd300000| Complete 

Card table byte_map: [0x0000029c9d460000,0x0000029c9d620000] _byte_map_base: 0x0000029c9ce12000

Marking Bits (Prev, Next): (CMBitMap*) 0x0000029c8ade1980, (CMBitMap*) 0x0000029c8ade1940
 Prev Bits: [0x0000029c9e570000, 0x0000029c9f300000)
 Next Bits: [0x0000029c9d7e0000, 0x0000029c9e570000)

Polling page: 0x0000029c88cf0000

Metaspace:

Usage:
  Non-class:     29.54 MB used.
      Class:      3.88 MB used.
       Both:     33.42 MB used.

Virtual space:
  Non-class space:       64.00 MB reserved,      29.75 MB ( 46%) committed,  1 nodes.
      Class space:        1.00 GB reserved,       4.06 MB ( <1%) committed,  1 nodes.
             Both:        1.06 GB reserved,      33.81 MB (  3%) committed. 

Chunk freelists:
   Non-Class:  1.65 MB
       Class:  11.79 MB
        Both:  13.44 MB

MaxMetaspaceSize: unlimited
CompressedClassSpaceSize: 1.00 GB
Initial GC threshold: 21.00 MB
Current GC threshold: 55.62 MB
CDS: off
MetaspaceReclaimPolicy: balanced
 - commit_granule_bytes: 65536.
 - commit_granule_words: 8192.
 - virtual_space_node_default_size: 8388608.
 - enlarge_chunks_in_place: 1.
 - new_chunks_are_fully_committed: 0.
 - uncommit_free_chunks: 1.
 - use_allocation_guard: 0.
 - handle_deallocations: 1.


Internal statistics:

num_allocs_failed_limit: 3.
num_arena_births: 478.
num_arena_deaths: 0.
num_vsnodes_births: 2.
num_vsnodes_deaths: 0.
num_space_committed: 541.
num_space_uncommitted: 0.
num_chunks_returned_to_freelist: 3.
num_chunks_taken_from_freelist: 1271.
num_chunk_merges: 3.
num_chunk_splits: 787.
num_chunks_enlarged: 527.
num_inconsistent_stats: 0.

CodeHeap 'non-profiled nmethods': size=120000Kb used=1212Kb max_used=1212Kb free=118787Kb
 bounds [0x0000029c95f30000, 0x0000029c961a0000, 0x0000029c9d460000]
CodeHeap 'profiled nmethods': size=120000Kb used=6390Kb max_used=6390Kb free=113609Kb
 bounds [0x0000029c8e460000, 0x0000029c8eaa0000, 0x0000029c95990000]
CodeHeap 'non-nmethods': size=5760Kb used=1262Kb max_used=1288Kb free=4498Kb
 bounds [0x0000029c95990000, 0x0000029c95c00000, 0x0000029c95f30000]
 total_blobs=3786 nmethods=3209 adapters=489
 compilation: enabled
              stopped_count=0, restarted_count=0
 full_count=0

Compilation events (20 events):
Event: 98.818 Thread 0x0000029ca1a72440 3201       3       java.lang.Character::isUpperCase (9 bytes)
Event: 98.819 Thread 0x0000029ca1a72440 nmethod 3201 0x0000029c8ea99610 code [0x0000029c8ea997c0, 0x0000029c8ea999b8]
Event: 98.819 Thread 0x0000029ca1a72440 3202       1       java.lang.StackTraceElement::getClassName (5 bytes)
Event: 98.819 Thread 0x0000029ca1a72440 nmethod 3202 0x0000029c9605f090 code [0x0000029c9605f220, 0x0000029c9605f2f8]
Event: 98.820 Thread 0x0000029ca1a72440 3203       3       java.io.PrintStream::ensureOpen (18 bytes)
Event: 98.820 Thread 0x0000029ca1a72440 nmethod 3203 0x0000029c8ea99a90 code [0x0000029c8ea99c40, 0x0000029c8ea99e48]
Event: 98.820 Thread 0x0000029ca1a72440 3204       3       java.lang.System::lineSeparator (4 bytes)
Event: 98.821 Thread 0x0000029ca1a72440 nmethod 3204 0x0000029c8ea99f10 code [0x0000029c8ea9a0a0, 0x0000029c8ea9a198]
Event: 98.822 Thread 0x0000029ca1a72440 3206       3       io.cucumber.core.internal.com.fasterxml.jackson.core.json.WriterBasedJsonGenerator::_prependOrWriteCharacterEscape (463 bytes)
Event: 98.834 Thread 0x0000029ca1a72440 nmethod 3206 0x0000029c8ea9a210 code [0x0000029c8ea9a500, 0x0000029c8ea9b618]
Event: 98.834 Thread 0x0000029ca1a72440 3207       3       io.cucumber.core.internal.com.fasterxml.jackson.core.JsonStreamContext::<init> (5 bytes)
Event: 98.834 Thread 0x0000029ca1a72440 nmethod 3207 0x0000029c8ea9be90 code [0x0000029c8ea9c020, 0x0000029c8ea9c178]
Event: 98.844 Thread 0x0000029ca1a72440 3208       3       jdk.internal.reflect.ByteVectorImpl::put (27 bytes)
Event: 98.844 Thread 0x0000029ca1a72440 nmethod 3208 0x0000029c8ea9c210 code [0x0000029c8ea9c3c0, 0x0000029c8ea9c5a8]
Event: 98.851 Thread 0x0000029ca1a72440 3209       3       io.cucumber.core.internal.com.fasterxml.jackson.core.JsonGenerator$Feature::enabledIn (15 bytes)
Event: 98.851 Thread 0x0000029ca1a72440 nmethod 3209 0x0000029c8ea9c710 code [0x0000029c8ea9c8a0, 0x0000029c8ea9ca18]
Event: 98.855 Thread 0x0000029ca1a72440 3210       3       java.lang.reflect.Constructor::setAccessible (21 bytes)
Event: 98.856 Thread 0x0000029ca1a72440 nmethod 3210 0x0000029c8ea9ca90 code [0x0000029c8ea9ccc0, 0x0000029c8ea9d3f8]
Event: 98.856 Thread 0x0000029ca1a72440 3211       3       java.nio.Buffer::clear (20 bytes)
Event: 98.856 Thread 0x0000029ca1a72440 nmethod 3211 0x0000029c8ea9d690 code [0x0000029c8ea9d820, 0x0000029c8ea9d938]

GC Heap History (20 events):
Event: 8.320 GC heap before
{Heap before GC invocations=2 (full 0):
 garbage-first heap   total 57344K, used 23217K [0x00000000c9c00000, 0x0000000100000000)
  region size 1024K, 21 young (21504K), 1 survivors (1024K)
 Metaspace       used 21281K, committed 21504K, reserved 1114112K
  class space    used 2248K, committed 2368K, reserved 1048576K
}
Event: 8.325 GC heap after
{Heap after GC invocations=3 (full 0):
 garbage-first heap   total 57344K, used 6366K [0x00000000c9c00000, 0x0000000100000000)
  region size 1024K, 3 young (3072K), 3 survivors (3072K)
 Metaspace       used 21281K, committed 21504K, reserved 1114112K
  class space    used 2248K, committed 2368K, reserved 1048576K
}
Event: 9.572 GC heap before
{Heap before GC invocations=4 (full 0):
 garbage-first heap   total 27648K, used 19678K [0x00000000c9c00000, 0x0000000100000000)
  region size 1024K, 17 young (17408K), 3 survivors (3072K)
 Metaspace       used 24242K, committed 24512K, reserved 1114112K
  class space    used 2689K, committed 2816K, reserved 1048576K
}
Event: 9.577 GC heap after
{Heap after GC invocations=5 (full 0):
 garbage-first heap   total 27648K, used 7658K [0x00000000c9c00000, 0x0000000100000000)
  region size 1024K, 4 young (4096K), 4 survivors (4096K)
 Metaspace       used 24242K, committed 24512K, reserved 1114112K
  class space    used 2689K, committed 2816K, reserved 1048576K
}
Event: 16.558 GC heap before
{Heap before GC invocations=5 (full 0):
 garbage-first heap   total 27648K, used 17898K [0x00000000c9c00000, 0x0000000100000000)
  region size 1024K, 14 young (14336K), 4 survivors (4096K)
 Metaspace       used 27452K, committed 27776K, reserved 1114112K
  class space    used 3050K, committed 3200K, reserved 1048576K
}
Event: 16.566 GC heap after
{Heap after GC invocations=6 (full 0):
 garbage-first heap   total 27648K, used 9588K [0x00000000c9c00000, 0x0000000100000000)
  region size 1024K, 2 young (2048K), 2 survivors (2048K)
 Metaspace       used 27452K, committed 27776K, reserved 1114112K
  class space    used 3050K, committed 3200K, reserved 1048576K
}
Event: 18.232 GC heap before
{Heap before GC invocations=6 (full 0):
 garbage-first heap   total 27648K, used 17780K [0x00000000c9c00000, 0x0000000100000000)
  region size 1024K, 10 young (10240K), 2 survivors (2048K)
 Metaspace       used 30588K, committed 30848K, reserved 1114112K
  class space    used 3467K, committed 3584K, reserved 1048576K
}
Event: 18.236 GC heap after
{Heap after GC invocations=7 (full 0):
 garbage-first heap   total 27648K, used 10190K [0x00000000c9c00000, 0x0000000100000000)
  region size 1024K, 1 young (1024K), 1 survivors (1024K)
 Metaspace       used 30588K, committed 30848K, reserved 1114112K
  class space    used 3467K, committed 3584K, reserved 1048576K
}
Event: 27.143 GC heap before
{Heap before GC invocations=7 (full 0):
 garbage-first heap   total 27648K, used 17358K [0x00000000c9c00000, 0x0000000100000000)
  region size 1024K, 9 young (9216K), 1 survivors (1024K)
 Metaspace       used 32595K, committed 33024K, reserved 1114112K
  class space    used 3755K, committed 3968K, reserved 1048576K
}
Event: 27.145 GC heap after
{Heap after GC invocations=8 (full 0):
 garbage-first heap   total 27648K, used 10445K [0x00000000c9c00000, 0x0000000100000000)
  region size 1024K, 2 young (2048K), 2 survivors (2048K)
 Metaspace       used 32595K, committed 33024K, reserved 1114112K
  class space    used 3755K, committed 3968K, reserved 1048576K
}
Event: 76.999 GC heap before
{Heap before GC invocations=8 (full 0):
 garbage-first heap   total 27648K, used 18637K [0x00000000c9c00000, 0x0000000100000000)
  region size 1024K, 10 young (10240K), 2 survivors (2048K)
 Metaspace       used 33818K, committed 34176K, reserved 1114112K
  class space    used 3918K, committed 4096K, reserved 1048576K
}
Event: 77.064 GC heap after
{Heap after GC invocations=9 (full 0):
 garbage-first heap   total 27648K, used 13104K [0x00000000c9c00000, 0x0000000100000000)
  region size 1024K, 1 young (1024K), 1 survivors (1024K)
 Metaspace       used 33818K, committed 34176K, reserved 1114112K
  class space    used 3918K, committed 4096K, reserved 1048576K
}
Event: 77.149 GC heap before
{Heap before GC invocations=9 (full 0):
 garbage-first heap   total 27648K, used 15152K [0x00000000c9c00000, 0x0000000100000000)
  region size 1024K, 1 young (1024K), 1 survivors (1024K)
 Metaspace       used 33818K, committed 34176K, reserved 1114112K
  class space    used 3918K, committed 4096K, reserved 1048576K
}
Event: 77.152 GC heap after
{Heap after GC invocations=10 (full 0):
 garbage-first heap   total 27648K, used 15152K [0x00000000c9c00000, 0x0000000100000000)
  region size 1024K, 1 young (1024K), 1 survivors (1024K)
 Metaspace       used 33818K, committed 34176K, reserved 1114112K
  class space    used 3918K, committed 4096K, reserved 1048576K
}
Event: 77.272 GC heap before
{Heap before GC invocations=11 (full 0):
 garbage-first heap   total 34816K, used 20272K [0x00000000c9c00000, 0x0000000100000000)
  region size 1024K, 2 young (2048K), 1 survivors (1024K)
 Metaspace       used 33820K, committed 34176K, reserved 1114112K
  class space    used 3918K, committed 4096K, reserved 1048576K
}
Event: 77.275 GC heap after
{Heap after GC invocations=12 (full 0):
 garbage-first heap   total 34816K, used 16212K [0x00000000c9c00000, 0x0000000100000000)
  region size 1024K, 1 young (1024K), 1 survivors (1024K)
 Metaspace       used 33820K, committed 34176K, reserved 1114112K
  class space    used 3918K, committed 4096K, reserved 1048576K
}
Event: 92.344 GC heap before
{Heap before GC invocations=13 (full 0):
 garbage-first heap   total 56320K, used 52052K [0x00000000c9c00000, 0x0000000100000000)
  region size 1024K, 7 young (7168K), 1 survivors (1024K)
 Metaspace       used 34126K, committed 34496K, reserved 1114112K
  class space    used 3953K, committed 4096K, reserved 1048576K
}
Event: 92.347 GC heap after
{Heap after GC invocations=14 (full 0):
 garbage-first heap   total 56320K, used 17328K [0x00000000c9c00000, 0x0000000100000000)
  region size 1024K, 1 young (1024K), 1 survivors (1024K)
 Metaspace       used 34126K, committed 34496K, reserved 1114112K
  class space    used 3953K, committed 4096K, reserved 1048576K
}
Event: 98.824 GC heap before
{Heap before GC invocations=14 (full 0):
 garbage-first heap   total 56320K, used 18352K [0x00000000c9c00000, 0x0000000100000000)
  region size 1024K, 2 young (2048K), 1 survivors (1024K)
 Metaspace       used 34196K, committed 34624K, reserved 1114112K
  class space    used 3965K, committed 4160K, reserved 1048576K
}
Event: 98.832 GC heap after
{Heap after GC invocations=15 (full 0):
 garbage-first heap   total 56320K, used 13081K [0x00000000c9c00000, 0x0000000100000000)
  region size 1024K, 1 young (1024K), 1 survivors (1024K)
 Metaspace       used 34196K, committed 34624K, reserved 1114112K
  class space    used 3965K, committed 4160K, reserved 1048576K
}

Dll operation events (6 events):
Event: 0.055 Loaded shared library C:\Users\ABINESH\.p2\pool\plugins\org.eclipse.justj.openjdk.hotspot.jre.full.win32.x86_64_17.0.9.v20231028-0858\jre\bin\java.dll
Event: 0.973 Loaded shared library C:\Users\ABINESH\.p2\pool\plugins\org.eclipse.justj.openjdk.hotspot.jre.full.win32.x86_64_17.0.9.v20231028-0858\jre\bin\net.dll
Event: 1.012 Loaded shared library C:\Users\ABINESH\.p2\pool\plugins\org.eclipse.justj.openjdk.hotspot.jre.full.win32.x86_64_17.0.9.v20231028-0858\jre\bin\nio.dll
Event: 1.065 Loaded shared library C:\Users\ABINESH\.p2\pool\plugins\org.eclipse.justj.openjdk.hotspot.jre.full.win32.x86_64_17.0.9.v20231028-0858\jre\bin\zip.dll
Event: 1.491 Loaded shared library C:\Users\ABINESH\.p2\pool\plugins\org.eclipse.justj.openjdk.hotspot.jre.full.win32.x86_64_17.0.9.v20231028-0858\jre\bin\jimage.dll
Event: 16.151 Loaded shared library C:\Users\ABINESH\.p2\pool\plugins\org.eclipse.justj.openjdk.hotspot.jre.full.win32.x86_64_17.0.9.v20231028-0858\jre\bin\sunmscapi.dll

Deoptimization events (20 events):
Event: 92.138 Thread 0x0000029c8ada72d0 Uncommon trap: trap_request=0xffffffbe fr.pc=0x0000029c96058ba0 relative=0x0000000000000300
Event: 92.138 Thread 0x0000029c8ada72d0 Uncommon trap: reason=profile_predicate action=maybe_recompile pc=0x0000029c96058ba0 method=java.util.regex.Pattern$Slice.match(Ljava/util/regex/Matcher;ILjava/lang/CharSequence;)Z @ 18 c2
Event: 92.138 Thread 0x0000029c8ada72d0 DEOPT PACKING pc=0x0000029c96058ba0 sp=0x000000e4b8dfd300
Event: 92.138 Thread 0x0000029c8ada72d0 DEOPT UNPACKING pc=0x0000029c959e69a3 sp=0x000000e4b8dfd2a0 mode 2
Event: 92.138 Thread 0x0000029c8ada72d0 Uncommon trap: trap_request=0xffffffbe fr.pc=0x0000029c96058ba0 relative=0x0000000000000300
Event: 92.138 Thread 0x0000029c8ada72d0 Uncommon trap: reason=profile_predicate action=maybe_recompile pc=0x0000029c96058ba0 method=java.util.regex.Pattern$Slice.match(Ljava/util/regex/Matcher;ILjava/lang/CharSequence;)Z @ 18 c2
Event: 92.138 Thread 0x0000029c8ada72d0 DEOPT PACKING pc=0x0000029c96058ba0 sp=0x000000e4b8dfd300
Event: 92.138 Thread 0x0000029c8ada72d0 DEOPT UNPACKING pc=0x0000029c959e69a3 sp=0x000000e4b8dfd2a0 mode 2
Event: 92.138 Thread 0x0000029c8ada72d0 Uncommon trap: trap_request=0xffffffbe fr.pc=0x0000029c96058ba0 relative=0x0000000000000300
Event: 92.138 Thread 0x0000029c8ada72d0 Uncommon trap: reason=profile_predicate action=maybe_recompile pc=0x0000029c96058ba0 method=java.util.regex.Pattern$Slice.match(Ljava/util/regex/Matcher;ILjava/lang/CharSequence;)Z @ 18 c2
Event: 92.138 Thread 0x0000029c8ada72d0 DEOPT PACKING pc=0x0000029c96058ba0 sp=0x000000e4b8dfd300
Event: 92.138 Thread 0x0000029c8ada72d0 DEOPT UNPACKING pc=0x0000029c959e69a3 sp=0x000000e4b8dfd2a0 mode 2
Event: 92.138 Thread 0x0000029c8ada72d0 Uncommon trap: trap_request=0xffffffbe fr.pc=0x0000029c96058ba0 relative=0x0000000000000300
Event: 92.138 Thread 0x0000029c8ada72d0 Uncommon trap: reason=profile_predicate action=maybe_recompile pc=0x0000029c96058ba0 method=java.util.regex.Pattern$Slice.match(Ljava/util/regex/Matcher;ILjava/lang/CharSequence;)Z @ 18 c2
Event: 92.138 Thread 0x0000029c8ada72d0 DEOPT PACKING pc=0x0000029c96058ba0 sp=0x000000e4b8dfd300
Event: 92.138 Thread 0x0000029c8ada72d0 DEOPT UNPACKING pc=0x0000029c959e69a3 sp=0x000000e4b8dfd2a0 mode 2
Event: 92.323 Thread 0x0000029c8ada72d0 Uncommon trap: trap_request=0xffffff76 fr.pc=0x0000029c9605d514 relative=0x00000000000002f4
Event: 92.323 Thread 0x0000029c8ada72d0 Uncommon trap: reason=predicate action=maybe_recompile pc=0x0000029c9605d514 method=java.util.regex.Pattern$Slice.match(Ljava/util/regex/Matcher;ILjava/lang/CharSequence;)Z @ 18 c2
Event: 92.323 Thread 0x0000029c8ada72d0 DEOPT PACKING pc=0x0000029c9605d514 sp=0x000000e4b8dfd330
Event: 92.323 Thread 0x0000029c8ada72d0 DEOPT UNPACKING pc=0x0000029c959e69a3 sp=0x000000e4b8dfd2b0 mode 2

Classes unloaded (0 events):
No events

Classes redefined (0 events):
No events

Internal exceptions (20 events):
Event: 79.245 Thread 0x0000029ca1bcb570 Exception <a 'java/net/ConnectException'{0x00000000ccba18f0}: Connection refused: no further information> (0x00000000ccba18f0) 
thrown [s\src\hotspot\share\prims\jni.cpp, line 535]
Event: 79.245 Thread 0x0000029ca1bcb570 Exception <a 'java/net/SocketException'{0x00000000ccba1c28}: Socket is not connected: shutdown> (0x00000000ccba1c28) 
thrown [s\src\hotspot\share\prims\jni.cpp, line 535]
Event: 79.285 Thread 0x0000029ca1bcb570 Exception <a 'java/net/ConnectException'{0x00000000ccba2c00}: Connection refused: no further information> (0x00000000ccba2c00) 
thrown [s\src\hotspot\share\prims\jni.cpp, line 535]
Event: 79.285 Thread 0x0000029ca1bcb570 Exception <a 'java/net/SocketException'{0x00000000ccba2f38}: Socket is not connected: shutdown> (0x00000000ccba2f38) 
thrown [s\src\hotspot\share\prims\jni.cpp, line 535]
Event: 79.357 Thread 0x0000029ca1bcb570 Exception <a 'java/net/ConnectException'{0x00000000ccba3f10}: Connection refused: no further information> (0x00000000ccba3f10) 
thrown [s\src\hotspot\share\prims\jni.cpp, line 535]
Event: 79.357 Thread 0x0000029ca1bcb570 Exception <a 'java/net/SocketException'{0x00000000ccba4248}: Socket is not connected: shutdown> (0x00000000ccba4248) 
thrown [s\src\hotspot\share\prims\jni.cpp, line 535]
Event: 79.575 Thread 0x0000029ca1bcb570 Exception <a 'java/net/ConnectException'{0x00000000ccba5220}: Connection refused: no further information> (0x00000000ccba5220) 
thrown [s\src\hotspot\share\prims\jni.cpp, line 535]
Event: 79.575 Thread 0x0000029ca1bcb570 Exception <a 'java/net/SocketException'{0x00000000ccba5558}: Socket is not connected: shutdown> (0x00000000ccba5558) 
thrown [s\src\hotspot\share\prims\jni.cpp, line 535]
Event: 79.930 Thread 0x0000029ca1bcb570 Exception <a 'java/net/ConnectException'{0x00000000ccba6530}: Connection refused: no further information> (0x00000000ccba6530) 
thrown [s\src\hotspot\share\prims\jni.cpp, line 535]
Event: 79.931 Thread 0x0000029ca1bcb570 Exception <a 'java/net/SocketException'{0x00000000ccba6868}: Socket is not connected: shutdown> (0x00000000ccba6868) 
thrown [s\src\hotspot\share\prims\jni.cpp, line 535]
Event: 86.173 Thread 0x0000029ca1bcb570 Exception <a 'java/net/ConnectException'{0x00000000cca9c588}: Connection refused: no further information> (0x00000000cca9c588) 
thrown [s\src\hotspot\share\prims\jni.cpp, line 535]
Event: 86.173 Thread 0x0000029ca1bcb570 Exception <a 'java/net/SocketException'{0x00000000cca9c8c0}: Socket is not connected: shutdown> (0x00000000cca9c8c0) 
thrown [s\src\hotspot\share\prims\jni.cpp, line 535]
Event: 86.198 Thread 0x0000029c8ada72d0 Exception <a 'java/lang/reflect/InvocationTargetException'{0x00000000ccacf9f0}> (0x00000000ccacf9f0) 
thrown [s\src\hotspot\share\runtime\reflection.cpp, line 1121]
Event: 92.107 Thread 0x0000029c8ada72d0 Exception <a 'java/io/FileNotFoundException'{0x00000000cc8c15c8}> (0x00000000cc8c15c8) 
thrown [s\src\hotspot\share\prims\jni.cpp, line 516]
Event: 92.107 Thread 0x0000029c8ada72d0 Exception <a 'java/lang/reflect/InvocationTargetException'{0x00000000cc8c1e98}> (0x00000000cc8c1e98) 
thrown [s\src\hotspot\share\runtime\reflection.cpp, line 1121]
Event: 92.109 Thread 0x0000029c8ada72d0 Exception <a 'java/lang/reflect/InvocationTargetException'{0x00000000cc8e6548}> (0x00000000cc8e6548) 
thrown [s\src\hotspot\share\runtime\reflection.cpp, line 1121]
Event: 92.357 Thread 0x0000029c8ada72d0 Exception <a 'java/net/SocketException'{0x00000000cd312000}: Socket is not connected: shutdown> (0x00000000cd312000) 
thrown [s\src\hotspot\share\prims\jni.cpp, line 535]
Event: 92.358 Thread 0x0000029c8ada72d0 Exception <a 'java/net/SocketException'{0x00000000cd312ab0}: Socket is not connected: shutdown> (0x00000000cd312ab0) 
thrown [s\src\hotspot\share\prims\jni.cpp, line 535]
Event: 98.810 Thread 0x0000029c8ada72d0 Exception <a 'java/lang/NoSuchMethodError'{0x00000000cd377bd8}: 'java.lang.Object java.lang.invoke.DirectMethodHandle$Holder.invokeSpecial(java.lang.Object, java.lang.Object, int, java.lang.Object, java.lang.Object)'> (0x00000000cd377bd8) 
thrown [s\src\hotspot\share\interpreter\linkResolver.cpp, line 759]
Event: 98.813 Thread 0x0000029c8ada72d0 Exception <a 'java/lang/reflect/InvocationTargetException'{0x00000000cd381900}> (0x00000000cd381900) 
thrown [s\src\hotspot\share\runtime\reflection.cpp, line 1121]

VM Operations (20 events):
Event: 77.301 Executing VM operation: G1PauseRemark
Event: 77.305 Executing VM operation: G1PauseRemark done
Event: 77.316 Executing VM operation: G1PauseCleanup
Event: 77.316 Executing VM operation: G1PauseCleanup done
Event: 78.331 Executing VM operation: Cleanup
Event: 78.331 Executing VM operation: Cleanup done
Event: 79.339 Executing VM operation: Cleanup
Event: 79.339 Executing VM operation: Cleanup done
Event: 80.351 Executing VM operation: Cleanup
Event: 80.351 Executing VM operation: Cleanup done
Event: 81.365 Executing VM operation: Cleanup
Event: 81.365 Executing VM operation: Cleanup done
Event: 86.392 Executing VM operation: Cleanup
Event: 86.392 Executing VM operation: Cleanup done
Event: 91.664 Executing VM operation: Cleanup
Event: 91.664 Executing VM operation: Cleanup done
Event: 92.344 Executing VM operation: G1CollectForAllocation
Event: 92.347 Executing VM operation: G1CollectForAllocation done
Event: 98.824 Executing VM operation: G1CollectForAllocation
Event: 98.832 Executing VM operation: G1CollectForAllocation done

Events (20 events):
Event: 80.694 Thread 0x0000029ca62aabf0 Thread added: 0x0000029ca62aabf0
Event: 80.840 Thread 0x0000029ca62a5af0 Thread added: 0x0000029ca62a5af0
Event: 80.875 Thread 0x0000029ca62a4bc0 Thread added: 0x0000029ca62a4bc0
Event: 85.408 Thread 0x0000029ca62a7e60 Thread exited: 0x0000029ca62a7e60
Event: 86.147 loading class java/net/InetAddress$CachedLocalHost
Event: 86.148 loading class java/net/InetAddress$CachedLocalHost done
Event: 86.153 Thread 0x0000029ca62a8370 Thread added: 0x0000029ca62a8370
Event: 86.176 Thread 0x0000029ca1bcddf0 Thread exited: 0x0000029ca1bcddf0
Event: 86.177 Thread 0x0000029ca1bcc4a0 Thread exited: 0x0000029ca1bcc4a0
Event: 86.180 loading class java/util/concurrent/locks/AbstractQueuedSynchronizer$ExclusiveNode
Event: 86.182 loading class java/util/concurrent/locks/AbstractQueuedSynchronizer$ExclusiveNode done
Event: 86.182 Thread 0x0000029ca1bce300 Thread exited: 0x0000029ca1bce300
Event: 86.191 loading class java/util/TreeMap$EntrySpliterator
Event: 86.193 loading class java/util/TreeMap$EntrySpliterator done
Event: 87.409 Thread 0x0000029ca1bccec0 Thread exited: 0x0000029ca1bccec0
Event: 87.409 Thread 0x0000029ca1bcd8e0 Thread exited: 0x0000029ca1bcd8e0
Event: 87.424 Thread 0x0000029ca1bcbf90 Thread exited: 0x0000029ca1bcbf90
Event: 91.162 Thread 0x0000029ca62a8370 Thread exited: 0x0000029ca62a8370
Event: 92.388 Thread 0x0000029ca62aa6e0 Thread added: 0x0000029ca62aa6e0
Event: 98.784 Thread 0x0000029ca62aa6e0 Thread exited: 0x0000029ca62aa6e0


Dynamic libraries:
0x00007ff713900000 - 0x00007ff71390e000 	C:\Users\ABINESH\.p2\pool\plugins\org.eclipse.justj.openjdk.hotspot.jre.full.win32.x86_64_17.0.9.v20231028-0858\jre\bin\javaw.exe
0x00007ffb4e770000 - 0x00007ffb4e987000 	C:\WINDOWS\SYSTEM32\ntdll.dll
0x00007ffb4dfc0000 - 0x00007ffb4e084000 	C:\WINDOWS\System32\KERNEL32.DLL
0x00007ffb4bfd0000 - 0x00007ffb4c377000 	C:\WINDOWS\System32\KERNELBASE.dll
0x00007ffb4bb30000 - 0x00007ffb4bc41000 	C:\WINDOWS\System32\ucrtbase.dll
0x00007ffb35300000 - 0x00007ffb35317000 	C:\Users\ABINESH\.p2\pool\plugins\org.eclipse.justj.openjdk.hotspot.jre.full.win32.x86_64_17.0.9.v20231028-0858\jre\bin\jli.dll
0x00007ffb4e230000 - 0x00007ffb4e3de000 	C:\WINDOWS\System32\USER32.dll
0x00007ffb4be40000 - 0x00007ffb4be66000 	C:\WINDOWS\System32\win32u.dll
0x00007ffb4ce50000 - 0x00007ffb4ce79000 	C:\WINDOWS\System32\GDI32.dll
0x00007ffb4c380000 - 0x00007ffb4c499000 	C:\WINDOWS\System32\gdi32full.dll
0x00007ffb4ba90000 - 0x00007ffb4bb2a000 	C:\WINDOWS\System32\msvcp_win.dll
0x00007ffb35210000 - 0x00007ffb3522b000 	C:\Users\ABINESH\.p2\pool\plugins\org.eclipse.justj.openjdk.hotspot.jre.full.win32.x86_64_17.0.9.v20231028-0858\jre\bin\VCRUNTIME140.dll
0x00007ffb3b790000 - 0x00007ffb3ba23000 	C:\WINDOWS\WinSxS\amd64_microsoft.windows.common-controls_6595b64144ccf1df_6.0.22621.3527_none_270e469b73872a76\COMCTL32.dll
0x00007ffb4da60000 - 0x00007ffb4db07000 	C:\WINDOWS\System32\msvcrt.dll
0x00007ffb4e680000 - 0x00007ffb4e6b1000 	C:\WINDOWS\System32\IMM32.DLL
0x00007ffb3e2d0000 - 0x00007ffb3e2dc000 	C:\Users\ABINESH\.p2\pool\plugins\org.eclipse.justj.openjdk.hotspot.jre.full.win32.x86_64_17.0.9.v20231028-0858\jre\bin\vcruntime140_1.dll
0x00007ffb0eaf0000 - 0x00007ffb0eb7d000 	C:\Users\ABINESH\.p2\pool\plugins\org.eclipse.justj.openjdk.hotspot.jre.full.win32.x86_64_17.0.9.v20231028-0858\jre\bin\msvcp140.dll
0x00007ffae2880000 - 0x00007ffae34e1000 	C:\Users\ABINESH\.p2\pool\plugins\org.eclipse.justj.openjdk.hotspot.jre.full.win32.x86_64_17.0.9.v20231028-0858\jre\bin\server\jvm.dll
0x00007ffb4e170000 - 0x00007ffb4e222000 	C:\WINDOWS\System32\ADVAPI32.dll
0x00007ffb4ce80000 - 0x00007ffb4cf28000 	C:\WINDOWS\System32\sechost.dll
0x00007ffb4be70000 - 0x00007ffb4be98000 	C:\WINDOWS\System32\bcrypt.dll
0x00007ffb4c830000 - 0x00007ffb4c945000 	C:\WINDOWS\System32\RPCRT4.dll
0x00007ffb4b950000 - 0x00007ffb4b99d000 	C:\WINDOWS\SYSTEM32\POWRPROF.dll
0x00007ffb1e990000 - 0x00007ffb1e999000 	C:\WINDOWS\SYSTEM32\WSOCK32.dll
0x00007ffb4e4e0000 - 0x00007ffb4e551000 	C:\WINDOWS\System32\WS2_32.dll
0x00007ffb448b0000 - 0x00007ffb448e4000 	C:\WINDOWS\SYSTEM32\WINMM.dll
0x00007ffb447d0000 - 0x00007ffb447da000 	C:\WINDOWS\SYSTEM32\VERSION.dll
0x00007ffb4b930000 - 0x00007ffb4b943000 	C:\WINDOWS\SYSTEM32\UMPDC.dll
0x00007ffb4aab0000 - 0x00007ffb4aac8000 	C:\WINDOWS\SYSTEM32\kernel.appcore.dll
0x00007ffb40390000 - 0x00007ffb4039a000 	C:\Users\ABINESH\.p2\pool\plugins\org.eclipse.justj.openjdk.hotspot.jre.full.win32.x86_64_17.0.9.v20231028-0858\jre\bin\jimage.dll
0x00007ffb42a40000 - 0x00007ffb42c72000 	C:\WINDOWS\SYSTEM32\DBGHELP.DLL
0x00007ffb4c4a0000 - 0x00007ffb4c828000 	C:\WINDOWS\System32\combase.dll
0x00007ffb4e090000 - 0x00007ffb4e167000 	C:\WINDOWS\System32\OLEAUT32.dll
0x00007ffb253c0000 - 0x00007ffb253f2000 	C:\WINDOWS\SYSTEM32\dbgcore.DLL
0x00007ffb4bc50000 - 0x00007ffb4bcc9000 	C:\WINDOWS\System32\bcryptPrimitives.dll
0x00007ffb08d50000 - 0x00007ffb08d75000 	C:\Users\ABINESH\.p2\pool\plugins\org.eclipse.justj.openjdk.hotspot.jre.full.win32.x86_64_17.0.9.v20231028-0858\jre\bin\java.dll
0x00007ffb0a6c0000 - 0x00007ffb0a6d8000 	C:\Users\ABINESH\.p2\pool\plugins\org.eclipse.justj.openjdk.hotspot.jre.full.win32.x86_64_17.0.9.v20231028-0858\jre\bin\zip.dll
0x00007ffb4d0f0000 - 0x00007ffb4d94c000 	C:\WINDOWS\System32\SHELL32.dll
0x00007ffb499d0000 - 0x00007ffb4a2c6000 	C:\WINDOWS\SYSTEM32\windows.storage.dll
0x00007ffb49890000 - 0x00007ffb499ce000 	C:\WINDOWS\SYSTEM32\wintypes.dll
0x00007ffb4e580000 - 0x00007ffb4e675000 	C:\WINDOWS\System32\SHCORE.dll
0x00007ffb4d950000 - 0x00007ffb4d9ae000 	C:\WINDOWS\System32\shlwapi.dll
0x00007ffb4b9c0000 - 0x00007ffb4b9e1000 	C:\WINDOWS\SYSTEM32\profapi.dll
0x00007ffb059e0000 - 0x00007ffb059f9000 	C:\Users\ABINESH\.p2\pool\plugins\org.eclipse.justj.openjdk.hotspot.jre.full.win32.x86_64_17.0.9.v20231028-0858\jre\bin\net.dll
0x00007ffb44640000 - 0x00007ffb44776000 	C:\WINDOWS\SYSTEM32\WINHTTP.dll
0x00007ffb4af20000 - 0x00007ffb4af89000 	C:\WINDOWS\system32\mswsock.dll
0x00007ffb05360000 - 0x00007ffb05376000 	C:\Users\ABINESH\.p2\pool\plugins\org.eclipse.justj.openjdk.hotspot.jre.full.win32.x86_64_17.0.9.v20231028-0858\jre\bin\nio.dll
0x00007ffb4a5f0000 - 0x00007ffb4a6e8000 	C:\WINDOWS\SYSTEM32\DNSAPI.dll
0x00007ffb4a570000 - 0x00007ffb4a59d000 	C:\WINDOWS\SYSTEM32\IPHLPAPI.DLL
0x00007ffb4cab0000 - 0x00007ffb4cab9000 	C:\WINDOWS\System32\NSI.dll
0x00007ffb32140000 - 0x00007ffb3214a000 	C:\Windows\System32\rasadhlp.dll
0x00007ffb40530000 - 0x00007ffb405b3000 	C:\WINDOWS\System32\fwpuclnt.dll
0x00007ffb4b180000 - 0x00007ffb4b19b000 	C:\WINDOWS\SYSTEM32\CRYPTSP.dll
0x00007ffb4aa10000 - 0x00007ffb4aa45000 	C:\WINDOWS\system32\rsaenh.dll
0x00007ffb4b020000 - 0x00007ffb4b048000 	C:\WINDOWS\SYSTEM32\USERENV.dll
0x00007ffb4b1a0000 - 0x00007ffb4b1ac000 	C:\WINDOWS\SYSTEM32\CRYPTBASE.dll
0x00007ffb447e0000 - 0x00007ffb447f9000 	C:\WINDOWS\SYSTEM32\dhcpcsvc6.DLL
0x00007ffb44550000 - 0x00007ffb4456f000 	C:\WINDOWS\SYSTEM32\dhcpcsvc.DLL
0x00007ffb2f030000 - 0x00007ffb2f03e000 	C:\Users\ABINESH\.p2\pool\plugins\org.eclipse.justj.openjdk.hotspot.jre.full.win32.x86_64_17.0.9.v20231028-0858\jre\bin\sunmscapi.dll
0x00007ffb4bcd0000 - 0x00007ffb4be38000 	C:\WINDOWS\System32\CRYPT32.dll
0x00007ffb4b340000 - 0x00007ffb4b36e000 	C:\WINDOWS\SYSTEM32\ncrypt.dll
0x00007ffb4b300000 - 0x00007ffb4b337000 	C:\WINDOWS\SYSTEM32\NTASN1.dll
0x00007ffaa3c70000 - 0x00007ffaa3c78000 	C:\WINDOWS\system32\wshunix.dll
0x00007ffb10b80000 - 0x00007ffb10b97000 	C:\WINDOWS\system32\napinsp.dll
0x00007ffb10790000 - 0x00007ffb107ab000 	C:\WINDOWS\system32\pnrpnsp.dll
0x00007ffb10770000 - 0x00007ffb10781000 	C:\WINDOWS\System32\winrnr.dll
0x00007ffb18fb0000 - 0x00007ffb18fc5000 	C:\WINDOWS\system32\wshbth.dll
0x00007ffb0a700000 - 0x00007ffb0a727000 	C:\WINDOWS\system32\nlansp_c.dll

dbghelp: loaded successfully - version: 4.0.5 - missing functions: none
symbol engine: initialized successfully - sym options: 0x614 - pdb path: .;C:\Users\ABINESH\.p2\pool\plugins\org.eclipse.justj.openjdk.hotspot.jre.full.win32.x86_64_17.0.9.v20231028-0858\jre\bin;C:\WINDOWS\SYSTEM32;C:\WINDOWS\WinSxS\amd64_microsoft.windows.common-controls_6595b64144ccf1df_6.0.22621.3527_none_270e469b73872a76;C:\Users\ABINESH\.p2\pool\plugins\org.eclipse.justj.openjdk.hotspot.jre.full.win32.x86_64_17.0.9.v20231028-0858\jre\bin\server

VM Arguments:
jvm_args: -ea -Dfile.encoding=UTF-8 -Dstdout.encoding=UTF-8 -Dstderr.encoding=UTF-8 -XX:+ShowCodeDetailsInExceptionMessages 
java_command: org.testng.remote.RemoteTestNG -serport 62801 -protocol json -d C:\Users\ABINESH\OneDrive\Desktop\Mahesh P\BookCart\test-output C:\Users\ABINESH\AppData\Local\Temp\testng-eclipse--249403209\testng-customsuite.xml
java_class_path (initial): C:\Users\ABINESH\eclipse\java-2023-122\eclipse\configuration\org.eclipse.osgi\533\0\.cp\lib\testng-remote.jar;C:\Users\ABINESH\OneDrive\Desktop\Mahesh P\BookCart\target\test-classes;C:\Users\ABINESH\OneDrive\Desktop\Mahesh P\BookCart\target\classes;C:\Users\ABINESH\.p2\pool\plugins\org.testng_7.4.0.r202105021533.jar;C:\Users\ABINESH\.p2\pool\plugins\com.beust.jcommander_1.78.0.jar;C:\Users\ABINESH\.p2\pool\plugins\org.apache-extras.beanshell.bsh_2.0.0.b6.jar;C:\Users\ABINESH\.p2\pool\plugins\org.yaml.snakeyaml_1.21.0.jar;C:\Users\ABINESH\.p2\pool\plugins\org.webjars.jquery_3.5.1.jar;C:\Users\ABINESH\.m2\repository\org\seleniumhq\selenium\selenium-java\4.15.0\selenium-java-4.15.0.jar;C:\Users\ABINESH\.m2\repository\org\seleniumhq\selenium\selenium-api\4.15.0\selenium-api-4.15.0.jar;C:\Users\ABINESH\.m2\repository\org\seleniumhq\selenium\selenium-chrome-driver\4.15.0\selenium-chrome-driver-4.15.0.jar;C:\Users\ABINESH\.m2\repository\com\google\auto\service\auto-service-annotations\1.1.1\auto-service-annotations-1.1.1.jar;C:\Users\ABINESH\.m2\repository\org\seleniumhq\selenium\selenium-chromium-driver\4.15.0\selenium-chromium-driver-4.15.0.jar;C:\Users\ABINESH\.m2\repository\org\seleniumhq\selenium\selenium-json\4.15.0\selenium-json-4.15.0.jar;C:\Users\ABINESH\.m2\repository\org\seleniumhq\selenium\selenium-manager\4.15.0\selenium-manager-4.15.0.jar;C:\Users\ABINESH\.m2\repository\org\seleniumhq\selenium\selenium-devtools-v117\4.15.0\selenium-devtools-v117-4.15.0.jar;C:\Users\ABINESH\.m2\repository\org\seleniumhq\selenium\selenium-devtools-v118\4.15.0\selenium-devtools-v118-4.15.0.jar;C:\Users\ABINESH\.m2\repository\org\seleniumhq\selenium\selenium-devtools-v119\4.15.0\selenium-devtools-v119-4.15.0.jar;C:\Users\ABINESH\.m2\repository\org\seleniumhq\selenium\selenium-devtools-v85\4.15.0\selenium-devtools-v85-4.15.0.jar;C:\Users\ABINESH\.m2\repository\org\seleniumhq\selenium\selenium-edge-driver\4.15.0\selenium-edge-driver-4.15.0.jar;C:\Users\
Launcher Type: SUN_STANDARD

[Global flags]
     intx CICompilerCount                          = 3                                         {product} {ergonomic}
     uint ConcGCThreads                            = 1                                         {product} {ergonomic}
     uint G1ConcRefinementThreads                  = 4                                         {product} {ergonomic}
   size_t G1HeapRegionSize                         = 1048576                                   {product} {ergonomic}
    uintx GCDrainStackTargetSize                   = 64                                        {product} {ergonomic}
   size_t InitialHeapSize                          = 58720256                                  {product} {ergonomic}
   size_t MarkStackSize                            = 4194304                                   {product} {ergonomic}
   size_t MaxHeapSize                              = 910163968                                 {product} {ergonomic}
   size_t MaxNewSize                               = 545259520                                 {product} {ergonomic}
   size_t MinHeapDeltaBytes                        = 1048576                                   {product} {ergonomic}
   size_t MinHeapSize                              = 8388608                                   {product} {ergonomic}
    uintx NonNMethodCodeHeapSize                   = 5832780                                {pd product} {ergonomic}
    uintx NonProfiledCodeHeapSize                  = 122912730                              {pd product} {ergonomic}
    uintx ProfiledCodeHeapSize                     = 122912730                              {pd product} {ergonomic}
    uintx ReservedCodeCacheSize                    = 251658240                              {pd product} {ergonomic}
     bool SegmentedCodeCache                       = true                                      {product} {ergonomic}
     bool ShowCodeDetailsInExceptionMessages       = true                                   {manageable} {command line}
   size_t SoftMaxHeapSize                          = 910163968                              {manageable} {ergonomic}
     bool UseCompressedClassPointers               = true                           {product lp64_product} {ergonomic}
     bool UseCompressedOops                        = true                           {product lp64_product} {ergonomic}
     bool UseG1GC                                  = true                                      {product} {ergonomic}
     bool UseLargePagesIndividualAllocation        = false                                  {pd product} {ergonomic}

Logging:
Log output configuration:
 #0: stdout all=warning uptime,level,tags
 #1: stderr all=off uptime,level,tags

Environment Variables:
JAVA_HOME=C:\Program Files\Java\jdk-11
PATH=C:/Users/ABINESH/.p2/pool/plugins/org.eclipse.justj.openjdk.hotspot.jre.full.win32.x86_64_17.0.9.v20231028-0858/jre/bin/server;C:/Users/ABINESH/.p2/pool/plugins/org.eclipse.justj.openjdk.hotspot.jre.full.win32.x86_64_17.0.9.v20231028-0858/jre/bin;C:\Program Files\Common Files\Oracle\Java\javapath;C:\oraclexe\app\oracle\product\10.2.0\server\bin;C:\WINDOWS\system32;C:\WINDOWS;C:\WINDOWS\System32\Wbem;C:\WINDOWS\System32\WindowsPowerShell\v1.0\;C:\WINDOWS\System32\OpenSSH\;C:\Program Files\dotnet\;C:\Users\ABINESH\AppData\Local\Android\Sdk\platform-tools;C:\Users\ABINESH\AppData\Local\Programs\Python;C:\Program Files\nodejs\;C:\Program Files\Git\cmd;C:\Users\ABINESH\AppData\Local\Programs\Python\Python310\Scripts\;C:\Users\ABINESH\AppData\Local\Programs\Python\Python310\;C:\Users\ABINESH\AppData\Local\Microsoft\WindowsApps;C:\Users\ABINESH\AppData\Local\GitHubDesktop\bin;C:\Users\ABINESH\AppData\Roaming\npm;C:\Users\ABINESH\OneDrive\Desktop;
USERNAME=ABINESH
OS=Windows_NT
PROCESSOR_IDENTIFIER=AMD64 Family 23 Model 24 Stepping 1, AuthenticAMD
TMP=C:\Users\ABINESH\AppData\Local\Temp
TEMP=C:\Users\ABINESH\AppData\Local\Temp



Periodic native trim disabled


---------------  S Y S T E M  ---------------

OS:
 Windows 11 , 64 bit Build 22621 (10.0.22621.3527)
OS uptime: 14 days 20:17 hours

CPU: total 4 (initial active 4) (4 cores per cpu, 2 threads per core) family 23 model 24 stepping 1 microcode 0x0, cx8, cmov, fxsr, ht, mmx, 3dnowpref, sse, sse2, sse3, ssse3, sse4a, sse4.1, sse4.2, popcnt, lzcnt, tsc, tscinvbit, avx, avx2, aes, clmul, bmi1, bmi2, adx, sha, fma, vzeroupper, clflush, clflushopt
Processor Information for all 4 processors :
  Max Mhz: 2600, Current Mhz: 2600, Mhz Limit: 2600

Memory: 4k page, system-wide physical 3470M (83M free)
TotalPageFile size 14222M (AvailPageFile size 37M)
current process WorkingSet (physical memory assigned to process): 87M, peak: 116M
current process commit charge ("private bytes"): 178M, peak: 180M

vm_info: OpenJDK 64-Bit Server VM (17.0.9+9) for windows-amd64 JRE (17.0.9+9), built on Oct 26 2023 14:01:42 by "admin" with MS VC++ 16.10 / 16.11 (VS2019)

END.
