#
# There is insufficient memory for the Java Runtime Environment to continue.
# Native memory allocation (malloc) failed to allocate 410816 bytes for Chunk::new
# Possible reasons:
#   The system is out of physical RAM or swap space
#   The process is running with CompressedOops enabled, and the Java Heap may be blocking the growth of the native heap
# Possible solutions:
#   Reduce memory load on the system
#   Increase physical memory or swap space
#   Check if swap backing store is full
#   Decrease Java heap size (-Xmx/-Xms)
#   Decrease number of Java threads
#   Decrease Java thread stack sizes (-Xss)
#   Set larger code cache with -XX:ReservedCodeCacheSize=
#   JVM is running with Unscaled Compressed Oops mode in which the Java heap is
#     placed in the first 4GB address space. The Java Heap base address is the
#     maximum limit for the native heap growth. Please use -XX:HeapBaseMinAddress
#     to set the Java Heap base and to place the Java Heap above 4GB virtual address.
# This output file may be truncated or incomplete.
#
#  Out of Memory Error (arena.cpp:191), pid=4840, tid=316
#
# JRE version: OpenJDK Runtime Environment Temurin-17.0.9+9 (17.0.9+9) (build 17.0.9+9)
# Java VM: OpenJDK 64-Bit Server VM Temurin-17.0.9+9 (17.0.9+9, mixed mode, tiered, compressed oops, compressed class ptrs, g1 gc, windows-amd64)
# No core dump will be written. Minidumps are not enabled by default on client versions of Windows
#

---------------  S U M M A R Y ------------

Command Line: -ea -Dfile.encoding=UTF-8 -Dstdout.encoding=UTF-8 -Dstderr.encoding=UTF-8 -XX:+ShowCodeDetailsInExceptionMessages org.testng.remote.RemoteTestNG -serport 57557 -protocol json -d C:\Users\ABINESH\OneDrive\Desktop\Mahesh P\BookCart\test-output C:\Users\ABINESH\AppData\Local\Temp\testng-eclipse--346846427\testng-customsuite.xml

Host: AMD Ryzen 3 3250U with Radeon Graphics         , 4 cores, 3G,  Windows 11 , 64 bit Build 22621 (10.0.22621.3527)
Time: Wed Jun  5 19:07:38 2024 India Standard Time elapsed time: 12.830562 seconds (0d 0h 0m 12s)

---------------  T H R E A D  ---------------

Current thread (0x000001fbd010dcb0):  JavaThread "C2 CompilerThread0" daemon [_thread_in_native, id=316, stack(0x0000003fe2f00000,0x0000003fe3000000)]


Current CompileTask:
C2:  12830 2687       4       jdk.internal.org.objectweb.asm.SymbolTable::addConstantMemberReference (147 bytes)

Stack: [0x0000003fe2f00000,0x0000003fe3000000]
Native frames: (J=compiled Java code, j=interpreted, Vv=VM code, C=native code)
V  [jvm.dll+0x67cf49]
V  [jvm.dll+0x83478a]
V  [jvm.dll+0x83624e]
V  [jvm.dll+0x8368b3]
V  [jvm.dll+0x247f1f]
V  [jvm.dll+0xac43c]
V  [jvm.dll+0xaca8c]
V  [jvm.dll+0x2af45f]
V  [jvm.dll+0x5853f7]
V  [jvm.dll+0x222f62]
V  [jvm.dll+0x21c202]
V  [jvm.dll+0x2198c1]
V  [jvm.dll+0x1a57cd]
V  [jvm.dll+0x2297ae]
V  [jvm.dll+0x22797c]
V  [jvm.dll+0x7e9877]
V  [jvm.dll+0x7e3c3a]
V  [jvm.dll+0x67be35]
C  [ucrtbase.dll+0x29333]
C  [KERNEL32.DLL+0x1257d]
C  [ntdll.dll+0x5aa48]


---------------  P R O C E S S  ---------------

Threads class SMR info:
_java_thread_list=0x000001fbd0a30990, length=22, elements={
0x000001fbb94f9c10, 0x000001fbd00c0070, 0x000001fbd00c0cf0, 0x000001fbd00ca230,
0x000001fbd00caf00, 0x000001fbd00cc710, 0x000001fbd010b900, 0x000001fbd010dcb0,
0x000001fbd0139ca0, 0x000001fbd013e1e0, 0x000001fbd0382fc0, 0x000001fbd03a8020,
0x000001fbd09718a0, 0x000001fbd5703280, 0x000001fbd56ec100, 0x000001fbd0c64b50,
0x000001fbd5576400, 0x000001fbd549caf0, 0x000001fbd549bbc0, 0x000001fbd549f370,
0x000001fbd549d000, 0x000001fbd549d510
}

Java Threads: ( => current thread )
  0x000001fbb94f9c10 JavaThread "Forwarding newSession on session null to remote" [_thread_in_native, id=4412, stack(0x0000003fe2200000,0x0000003fe2300000)]
  0x000001fbd00c0070 JavaThread "Reference Handler" daemon [_thread_blocked, id=23108, stack(0x0000003fe2900000,0x0000003fe2a00000)]
  0x000001fbd00c0cf0 JavaThread "Finalizer" daemon [_thread_blocked, id=6344, stack(0x0000003fe2a00000,0x0000003fe2b00000)]
  0x000001fbd00ca230 JavaThread "Signal Dispatcher" daemon [_thread_blocked, id=15044, stack(0x0000003fe2b00000,0x0000003fe2c00000)]
  0x000001fbd00caf00 JavaThread "Attach Listener" daemon [_thread_blocked, id=25012, stack(0x0000003fe2c00000,0x0000003fe2d00000)]
  0x000001fbd00cc710 JavaThread "Service Thread" daemon [_thread_blocked, id=25664, stack(0x0000003fe2d00000,0x0000003fe2e00000)]
  0x000001fbd010b900 JavaThread "Monitor Deflation Thread" daemon [_thread_blocked, id=15260, stack(0x0000003fe2e00000,0x0000003fe2f00000)]
=>0x000001fbd010dcb0 JavaThread "C2 CompilerThread0" daemon [_thread_in_native, id=316, stack(0x0000003fe2f00000,0x0000003fe3000000)]
  0x000001fbd0139ca0 JavaThread "C1 CompilerThread0" daemon [_thread_blocked, id=16308, stack(0x0000003fe3000000,0x0000003fe3100000)]
  0x000001fbd013e1e0 JavaThread "Sweeper thread" daemon [_thread_blocked, id=19460, stack(0x0000003fe3100000,0x0000003fe3200000)]
  0x000001fbd0382fc0 JavaThread "Notification Thread" daemon [_thread_blocked, id=20780, stack(0x0000003fe3200000,0x0000003fe3300000)]
  0x000001fbd03a8020 JavaThread "Common-Cleaner" daemon [_thread_blocked, id=6480, stack(0x0000003fe3400000,0x0000003fe3500000)]
  0x000001fbd09718a0 JavaThread "ReaderThread" [_thread_in_native, id=25236, stack(0x0000003fe3600000,0x0000003fe3700000)]
  0x000001fbd5703280 JavaThread "ForkJoinPool.commonPool-worker-1" daemon [_thread_blocked, id=16924, stack(0x0000003fe3b00000,0x0000003fe3c00000)]
  0x000001fbd56ec100 JavaThread "HttpClient-1-SelectorManager" daemon [_thread_in_native, id=17160, stack(0x0000003fe3c00000,0x0000003fe3d00000)]
  0x000001fbd0c64b50 JavaThread "Thread-2" [_thread_in_native, id=1092, stack(0x0000003fe3d00000,0x0000003fe3e00000)]
  0x000001fbd5576400 JavaThread "Driver Service Executor" daemon [_thread_blocked, id=4768, stack(0x0000003fe3e00000,0x0000003fe3f00000)]
  0x000001fbd549caf0 JavaThread "Driver Service Executor" daemon [_thread_in_native, id=19872, stack(0x0000003fe3f00000,0x0000003fe4000000)]
  0x000001fbd549bbc0 JavaThread "UrlChecker-2" daemon [_thread_blocked, id=21824, stack(0x0000003fe4000000,0x0000003fe4100000)]
  0x000001fbd549f370 JavaThread "pool-1-thread-1" [_thread_blocked, id=26160, stack(0x0000003fe4200000,0x0000003fe4300000)]
  0x000001fbd549d000 JavaThread "pool-1-thread-2" [_thread_blocked, id=15752, stack(0x0000003fe4300000,0x0000003fe4400000)]
  0x000001fbd549d510 JavaThread "pool-1-thread-3" [_thread_blocked, id=1196, stack(0x0000003fe4400000,0x0000003fe4500000)]

Other Threads:
  0x000001fbd00694a0 VMThread "VM Thread" [stack: 0x0000003fe2800000,0x0000003fe2900000] [id=8708]
  0x000001fbd03894c0 WatcherThread [stack: 0x0000003fe3300000,0x0000003fe3400000] [id=23972]
  0x000001fbb95334e0 GCTaskThread "GC Thread#0" [stack: 0x0000003fe2300000,0x0000003fe2400000] [id=24400]
  0x000001fbd0d55780 GCTaskThread "GC Thread#1" [stack: 0x0000003fe3700000,0x0000003fe3800000] [id=20092]
  0x000001fbd0d6cdb0 GCTaskThread "GC Thread#2" [stack: 0x0000003fe3800000,0x0000003fe3900000] [id=12004]
  0x000001fbd0d6d070 GCTaskThread "GC Thread#3" [stack: 0x0000003fe3900000,0x0000003fe3a00000] [id=21228]
  0x000001fbb953afb0 ConcurrentGCThread "G1 Main Marker" [stack: 0x0000003fe2400000,0x0000003fe2500000] [id=25956]
  0x000001fbb953c070 ConcurrentGCThread "G1 Conc#0" [stack: 0x0000003fe2500000,0x0000003fe2600000] [id=24880]
  0x000001fbb9576ad0 ConcurrentGCThread "G1 Refine#0" [stack: 0x0000003fe2600000,0x0000003fe2700000] [id=24744]
  0x000001fbd536f010 ConcurrentGCThread "G1 Refine#1" [stack: 0x0000003fe3a00000,0x0000003fe3b00000] [id=11944]
  0x000001fbb9577ba0 ConcurrentGCThread "G1 Service" [stack: 0x0000003fe2700000,0x0000003fe2800000] [id=23780]

Threads with active compile tasks:
C2 CompilerThread0    12893 2687       4       jdk.internal.org.objectweb.asm.SymbolTable::addConstantMemberReference (147 bytes)

VM state: not at safepoint (normal execution)

VM Mutex/Monitor currently owned by a thread: None

Heap address: 0x00000000c9c00000, size: 868 MB, Compressed Oops mode: 32-bit

CDS archive(s) not mapped
Compressed class space mapped at: 0x0000000100000000-0x0000000140000000, reserved size: 1073741824
Narrow klass base: 0x0000000000000000, Narrow klass shift: 3, Narrow klass range: 0x140000000

GC Precious Log:
 CPUs: 4 total, 4 available
 Memory: 3470M
 Large Page Support: Disabled
 NUMA Support: Disabled
 Compressed Oops: Enabled (32-bit)
 Heap Region Size: 1M
 Heap Min Capacity: 8M
 Heap Initial Capacity: 56M
 Heap Max Capacity: 868M
 Pre-touch: Disabled
 Parallel Workers: 4
 Concurrent Workers: 1
 Concurrent Refinement Workers: 4
 Periodic GC: Disabled

Heap:
 garbage-first heap   total 27648K, used 18116K [0x00000000c9c00000, 0x0000000100000000)
  region size 1024K, 10 young (10240K), 1 survivors (1024K)
 Metaspace       used 32717K, committed 33088K, reserved 1114112K
  class space    used 3776K, committed 3968K, reserved 1048576K

Heap Regions: E=young(eden), S=young(survivor), O=old, HS=humongous(starts), HC=humongous(continues), CS=collection set, F=free, OA=open archive, CA=closed archive, TAMS=top-at-mark-start (previous, next)
|   0|0x00000000c9c00000, 0x00000000c9d00000, 0x00000000c9d00000|100%| O|  |TAMS 0x00000000c9d00000, 0x00000000c9c00000| Untracked 
|   1|0x00000000c9d00000, 0x00000000c9e00000, 0x00000000c9e00000|100%| O|  |TAMS 0x00000000c9e00000, 0x00000000c9d00000| Untracked 
|   2|0x00000000c9e00000, 0x00000000c9f00000, 0x00000000c9f00000|100%| O|  |TAMS 0x00000000c9f00000, 0x00000000c9e00000| Untracked 
|   3|0x00000000c9f00000, 0x00000000ca000000, 0x00000000ca000000|100%| O|  |TAMS 0x00000000c9f00000, 0x00000000c9f00000| Untracked 
|   4|0x00000000ca000000, 0x00000000ca100000, 0x00000000ca100000|100%| O|  |TAMS 0x00000000ca000000, 0x00000000ca000000| Untracked 
|   5|0x00000000ca100000, 0x00000000ca200000, 0x00000000ca200000|100%| O|  |TAMS 0x00000000ca100000, 0x00000000ca100000| Untracked 
|   6|0x00000000ca200000, 0x00000000ca200000, 0x00000000ca300000|  0%| F|  |TAMS 0x00000000ca200000, 0x00000000ca200000| Untracked 
|   7|0x00000000ca300000, 0x00000000ca300000, 0x00000000ca400000|  0%| F|  |TAMS 0x00000000ca300000, 0x00000000ca300000| Untracked 
|   8|0x00000000ca400000, 0x00000000ca400000, 0x00000000ca500000|  0%| F|  |TAMS 0x00000000ca400000, 0x00000000ca400000| Untracked 
|   9|0x00000000ca500000, 0x00000000ca500000, 0x00000000ca600000|  0%| F|  |TAMS 0x00000000ca500000, 0x00000000ca500000| Untracked 
|  10|0x00000000ca600000, 0x00000000ca700000, 0x00000000ca700000|100%| O|  |TAMS 0x00000000ca600000, 0x00000000ca600000| Untracked 
|  11|0x00000000ca700000, 0x00000000ca800000, 0x00000000ca800000|100%| O|  |TAMS 0x00000000ca700000, 0x00000000ca700000| Untracked 
|  12|0x00000000ca800000, 0x00000000ca900000, 0x00000000ca900000|100%| O|  |TAMS 0x00000000ca800000, 0x00000000ca800000| Untracked 
|  13|0x00000000ca900000, 0x00000000ca900000, 0x00000000caa00000|  0%| F|  |TAMS 0x00000000ca900000, 0x00000000ca900000| Untracked 
|  14|0x00000000caa00000, 0x00000000caa00000, 0x00000000cab00000|  0%| F|  |TAMS 0x00000000caa00000, 0x00000000caa00000| Untracked 
|  15|0x00000000cab00000, 0x00000000cab00000, 0x00000000cac00000|  0%| F|  |TAMS 0x00000000cab00000, 0x00000000cab00000| Untracked 
|  16|0x00000000cac00000, 0x00000000cac00000, 0x00000000cad00000|  0%| F|  |TAMS 0x00000000cac00000, 0x00000000cac00000| Untracked 
|  17|0x00000000cad00000, 0x00000000cad8cc58, 0x00000000cae00000| 54%| E|  |TAMS 0x00000000cad00000, 0x00000000cad00000| Complete 
|  18|0x00000000cae00000, 0x00000000caeb1300, 0x00000000caf00000| 69%| S|CS|TAMS 0x00000000cae00000, 0x00000000cae00000| Complete 
|  19|0x00000000caf00000, 0x00000000cb000000, 0x00000000cb000000|100%| E|CS|TAMS 0x00000000caf00000, 0x00000000caf00000| Complete 
|  20|0x00000000cb000000, 0x00000000cb100000, 0x00000000cb100000|100%| E|CS|TAMS 0x00000000cb000000, 0x00000000cb000000| Complete 
|  21|0x00000000cb100000, 0x00000000cb200000, 0x00000000cb200000|100%| E|CS|TAMS 0x00000000cb100000, 0x00000000cb100000| Complete 
|  22|0x00000000cb200000, 0x00000000cb300000, 0x00000000cb300000|100%| E|CS|TAMS 0x00000000cb200000, 0x00000000cb200000| Complete 
|  32|0x00000000cbc00000, 0x00000000cbd00000, 0x00000000cbd00000|100%| E|CS|TAMS 0x00000000cbc00000, 0x00000000cbc00000| Complete 
|  33|0x00000000cbd00000, 0x00000000cbe00000, 0x00000000cbe00000|100%| E|CS|TAMS 0x00000000cbd00000, 0x00000000cbd00000| Complete 
|  34|0x00000000cbe00000, 0x00000000cbf00000, 0x00000000cbf00000|100%| E|CS|TAMS 0x00000000cbe00000, 0x00000000cbe00000| Complete 
|  55|0x00000000cd300000, 0x00000000cd400000, 0x00000000cd400000|100%| E|CS|TAMS 0x00000000cd300000, 0x00000000cd300000| Complete 

Card table byte_map: [0x000001fbcbd70000,0x000001fbcbf30000] _byte_map_base: 0x000001fbcb722000

Marking Bits (Prev, Next): (CMBitMap*) 0x000001fbb9533a40, (CMBitMap*) 0x000001fbb9533a00
 Prev Bits: [0x000001fbcce80000, 0x000001fbcdc10000)
 Next Bits: [0x000001fbcc0f0000, 0x000001fbcce80000)

Polling page: 0x000001fbb8ca0000

Metaspace:

Usage:
  Non-class:     28.28 MB used.
      Class:      3.69 MB used.
       Both:     31.97 MB used.

Virtual space:
  Non-class space:       64.00 MB reserved,      28.44 MB ( 44%) committed,  1 nodes.
      Class space:        1.00 GB reserved,       3.88 MB ( <1%) committed,  1 nodes.
             Both:        1.06 GB reserved,      32.31 MB (  3%) committed. 

Chunk freelists:
   Non-Class:  2.81 MB
       Class:  11.95 MB
        Both:  14.77 MB

MaxMetaspaceSize: unlimited
CompressedClassSpaceSize: 1.00 GB
Initial GC threshold: 21.00 MB
Current GC threshold: 35.25 MB
CDS: off
MetaspaceReclaimPolicy: balanced
 - commit_granule_bytes: 65536.
 - commit_granule_words: 8192.
 - virtual_space_node_default_size: 8388608.
 - enlarge_chunks_in_place: 1.
 - new_chunks_are_fully_committed: 0.
 - uncommit_free_chunks: 1.
 - use_allocation_guard: 0.
 - handle_deallocations: 1.


Internal statistics:

num_allocs_failed_limit: 3.
num_arena_births: 394.
num_arena_deaths: 0.
num_vsnodes_births: 2.
num_vsnodes_deaths: 0.
num_space_committed: 517.
num_space_uncommitted: 0.
num_chunks_returned_to_freelist: 3.
num_chunks_taken_from_freelist: 1135.
num_chunk_merges: 3.
num_chunk_splits: 704.
num_chunks_enlarged: 483.
num_inconsistent_stats: 0.

CodeHeap 'non-profiled nmethods': size=120000Kb used=1073Kb max_used=1073Kb free=118926Kb
 bounds [0x000001fbc4680000, 0x000001fbc48f0000, 0x000001fbcbbb0000]
CodeHeap 'profiled nmethods': size=120000Kb used=5383Kb max_used=5383Kb free=114616Kb
 bounds [0x000001fbbcbb0000, 0x000001fbbd100000, 0x000001fbc40e0000]
CodeHeap 'non-nmethods': size=5760Kb used=1265Kb max_used=1297Kb free=4494Kb
 bounds [0x000001fbc40e0000, 0x000001fbc4350000, 0x000001fbc4680000]
 total_blobs=3292 nmethods=2716 adapters=488
 compilation: enabled
              stopped_count=0, restarted_count=0
 full_count=0

Compilation events (20 events):
Event: 12.753 Thread 0x000001fbd010dcb0 nmethod 2678 0x000001fbc478af10 code [0x000001fbc478b080, 0x000001fbc478b1d8]
Event: 12.756 Thread 0x000001fbd0139ca0 2679       3       org.openqa.selenium.json.JsonInput::peek (267 bytes)
Event: 12.758 Thread 0x000001fbd0139ca0 nmethod 2679 0x000001fbbd0dae90 code [0x000001fbbd0db1c0, 0x000001fbbd0dc338]
Event: 12.758 Thread 0x000001fbd010dcb0 2680   !   4       org.openqa.selenium.json.Input::fill (125 bytes)
Event: 12.758 Thread 0x000001fbd0139ca0 2681       3       java.util.stream.ReduceOps$3::makeSink (5 bytes)
Event: 12.759 Thread 0x000001fbd0139ca0 nmethod 2681 0x000001fbbd0dc910 code [0x000001fbbd0dcac0, 0x000001fbbd0dcc08]
Event: 12.759 Thread 0x000001fbd0139ca0 2682       3       java.util.stream.ReduceOps$3::makeSink (20 bytes)
Event: 12.759 Thread 0x000001fbd0139ca0 nmethod 2682 0x000001fbbd0dcc90 code [0x000001fbbd0dce40, 0x000001fbbd0dd1d8]
Event: 12.759 Thread 0x000001fbd0139ca0 2683       3       java.util.stream.ReferencePipeline::collect (124 bytes)
Event: 12.760 Thread 0x000001fbd0139ca0 nmethod 2683 0x000001fbbd0dd310 code [0x000001fbbd0dd5a0, 0x000001fbbd0de1e8]
Event: 12.760 Thread 0x000001fbd0139ca0 2684       3       java.util.RegularEnumSet::contains (57 bytes)
Event: 12.761 Thread 0x000001fbd0139ca0 nmethod 2684 0x000001fbbd0de610 code [0x000001fbbd0de7e0, 0x000001fbbd0debe8]
Event: 12.763 Thread 0x000001fbd010dcb0 nmethod 2680 0x000001fbc478b310 code [0x000001fbc478b4c0, 0x000001fbc478b6b8]
Event: 12.765 Thread 0x000001fbd0139ca0 2685       3       java.lang.invoke.LambdaForm::<init> (115 bytes)
Event: 12.766 Thread 0x000001fbd0139ca0 nmethod 2685 0x000001fbbd0ded10 code [0x000001fbbd0def00, 0x000001fbbd0df588]
Event: 12.766 Thread 0x000001fbd0139ca0 2686       3       java.lang.invoke.LambdaForm::fixResult (31 bytes)
Event: 12.766 Thread 0x000001fbd0139ca0 nmethod 2686 0x000001fbbd0df810 code [0x000001fbbd0df9c0, 0x000001fbbd0dfbb8]
Event: 12.773 Thread 0x000001fbd010dcb0 2687       4       jdk.internal.org.objectweb.asm.SymbolTable::addConstantMemberReference (147 bytes)
Event: 12.814 Thread 0x000001fbd0139ca0 2688   !   3       java.util.regex.Pattern::<init> (144 bytes)
Event: 12.816 Thread 0x000001fbd0139ca0 nmethod 2688 0x000001fbbd0dfd10 code [0x000001fbbd0e0020, 0x000001fbbd0e10f8]

GC Heap History (14 events):
Event: 1.910 GC heap before
{Heap before GC invocations=0 (full 0):
 garbage-first heap   total 57344K, used 12288K [0x00000000c9c00000, 0x0000000100000000)
  region size 1024K, 13 young (13312K), 0 survivors (0K)
 Metaspace       used 12805K, committed 12992K, reserved 1114112K
  class space    used 1223K, committed 1280K, reserved 1048576K
}
Event: 1.917 GC heap after
{Heap after GC invocations=1 (full 0):
 garbage-first heap   total 57344K, used 3935K [0x00000000c9c00000, 0x0000000100000000)
  region size 1024K, 2 young (2048K), 2 survivors (2048K)
 Metaspace       used 12805K, committed 12992K, reserved 1114112K
  class space    used 1223K, committed 1280K, reserved 1048576K
}
Event: 2.754 GC heap before
{Heap before GC invocations=1 (full 0):
 garbage-first heap   total 57344K, used 16223K [0x00000000c9c00000, 0x0000000100000000)
  region size 1024K, 14 young (14336K), 2 survivors (2048K)
 Metaspace       used 16445K, committed 16704K, reserved 1114112K
  class space    used 1672K, committed 1792K, reserved 1048576K
}
Event: 2.764 GC heap after
{Heap after GC invocations=2 (full 0):
 garbage-first heap   total 57344K, used 4807K [0x00000000c9c00000, 0x0000000100000000)
  region size 1024K, 1 young (1024K), 1 survivors (1024K)
 Metaspace       used 16445K, committed 16704K, reserved 1114112K
  class space    used 1672K, committed 1792K, reserved 1048576K
}
Event: 4.309 GC heap before
{Heap before GC invocations=2 (full 0):
 garbage-first heap   total 57344K, used 23239K [0x00000000c9c00000, 0x0000000100000000)
  region size 1024K, 21 young (21504K), 1 survivors (1024K)
 Metaspace       used 21310K, committed 21504K, reserved 1114112K
  class space    used 2260K, committed 2368K, reserved 1048576K
}
Event: 4.314 GC heap after
{Heap after GC invocations=3 (full 0):
 garbage-first heap   total 57344K, used 6412K [0x00000000c9c00000, 0x0000000100000000)
  region size 1024K, 3 young (3072K), 3 survivors (3072K)
 Metaspace       used 21310K, committed 21504K, reserved 1114112K
  class space    used 2260K, committed 2368K, reserved 1048576K
}
Event: 6.285 GC heap before
{Heap before GC invocations=4 (full 0):
 garbage-first heap   total 27648K, used 19724K [0x00000000c9c00000, 0x0000000100000000)
  region size 1024K, 17 young (17408K), 3 survivors (3072K)
 Metaspace       used 24410K, committed 24768K, reserved 1114112K
  class space    used 2719K, committed 2880K, reserved 1048576K
}
Event: 6.296 GC heap after
{Heap after GC invocations=5 (full 0):
 garbage-first heap   total 27648K, used 7554K [0x00000000c9c00000, 0x0000000100000000)
  region size 1024K, 4 young (4096K), 4 survivors (4096K)
 Metaspace       used 24410K, committed 24768K, reserved 1114112K
  class space    used 2719K, committed 2880K, reserved 1048576K
}
Event: 6.347 GC heap before
{Heap before GC invocations=5 (full 0):
 garbage-first heap   total 27648K, used 8578K [0x00000000c9c00000, 0x0000000100000000)
  region size 1024K, 5 young (5120K), 4 survivors (4096K)
 Metaspace       used 24673K, committed 25024K, reserved 1114112K
  class space    used 2764K, committed 2944K, reserved 1048576K
}
Event: 6.354 GC heap after
{Heap after GC invocations=6 (full 0):
 garbage-first heap   total 27648K, used 7947K [0x00000000c9c00000, 0x0000000100000000)
  region size 1024K, 1 young (1024K), 1 survivors (1024K)
 Metaspace       used 24673K, committed 25024K, reserved 1114112K
  class space    used 2764K, committed 2944K, reserved 1048576K
}
Event: 6.798 GC heap before
{Heap before GC invocations=6 (full 0):
 garbage-first heap   total 27648K, used 17163K [0x00000000c9c00000, 0x0000000100000000)
  region size 1024K, 10 young (10240K), 1 survivors (1024K)
 Metaspace       used 28115K, committed 28480K, reserved 1114112K
  class space    used 3131K, committed 3328K, reserved 1048576K
}
Event: 6.804 GC heap after
{Heap after GC invocations=7 (full 0):
 garbage-first heap   total 27648K, used 9259K [0x00000000c9c00000, 0x0000000100000000)
  region size 1024K, 2 young (2048K), 2 survivors (2048K)
 Metaspace       used 28115K, committed 28480K, reserved 1114112K
  class space    used 3131K, committed 3328K, reserved 1048576K
}
Event: 7.458 GC heap before
{Heap before GC invocations=7 (full 0):
 garbage-first heap   total 27648K, used 16427K [0x00000000c9c00000, 0x0000000100000000)
  region size 1024K, 10 young (10240K), 2 survivors (2048K)
 Metaspace       used 30674K, committed 31040K, reserved 1114112K
  class space    used 3478K, committed 3648K, reserved 1048576K
}
Event: 7.462 GC heap after
{Heap after GC invocations=8 (full 0):
 garbage-first heap   total 27648K, used 9924K [0x00000000c9c00000, 0x0000000100000000)
  region size 1024K, 1 young (1024K), 1 survivors (1024K)
 Metaspace       used 30674K, committed 31040K, reserved 1114112K
  class space    used 3478K, committed 3648K, reserved 1048576K
}

Dll operation events (6 events):
Event: 0.029 Loaded shared library C:\Users\ABINESH\.p2\pool\plugins\org.eclipse.justj.openjdk.hotspot.jre.full.win32.x86_64_17.0.9.v20231028-0858\jre\bin\java.dll
Event: 0.431 Loaded shared library C:\Users\ABINESH\.p2\pool\plugins\org.eclipse.justj.openjdk.hotspot.jre.full.win32.x86_64_17.0.9.v20231028-0858\jre\bin\net.dll
Event: 0.440 Loaded shared library C:\Users\ABINESH\.p2\pool\plugins\org.eclipse.justj.openjdk.hotspot.jre.full.win32.x86_64_17.0.9.v20231028-0858\jre\bin\nio.dll
Event: 0.461 Loaded shared library C:\Users\ABINESH\.p2\pool\plugins\org.eclipse.justj.openjdk.hotspot.jre.full.win32.x86_64_17.0.9.v20231028-0858\jre\bin\zip.dll
Event: 0.708 Loaded shared library C:\Users\ABINESH\.p2\pool\plugins\org.eclipse.justj.openjdk.hotspot.jre.full.win32.x86_64_17.0.9.v20231028-0858\jre\bin\jimage.dll
Event: 6.794 Loaded shared library C:\Users\ABINESH\.p2\pool\plugins\org.eclipse.justj.openjdk.hotspot.jre.full.win32.x86_64_17.0.9.v20231028-0858\jre\bin\sunmscapi.dll

Deoptimization events (20 events):
Event: 6.523 Thread 0x000001fbb94f9c10 DEOPT PACKING pc=0x000001fbc47594b8 sp=0x0000003fe22fa0e0
Event: 6.523 Thread 0x000001fbb94f9c10 DEOPT UNPACKING pc=0x000001fbc41369a3 sp=0x0000003fe22fa098 mode 2
Event: 6.542 Thread 0x000001fbb94f9c10 Uncommon trap: trap_request=0xffffff45 fr.pc=0x000001fbc4706f7c relative=0x000000000000063c
Event: 6.542 Thread 0x000001fbb94f9c10 Uncommon trap: reason=unstable_if action=reinterpret pc=0x000001fbc4706f7c method=java.lang.StringLatin1.regionMatchesCI([BI[BII)Z @ 72 c2
Event: 6.542 Thread 0x000001fbb94f9c10 DEOPT PACKING pc=0x000001fbc4706f7c sp=0x0000003fe22f8460
Event: 6.542 Thread 0x000001fbb94f9c10 DEOPT UNPACKING pc=0x000001fbc41369a3 sp=0x0000003fe22f8328 mode 2
Event: 6.683 Thread 0x000001fbb94f9c10 DEOPT PACKING pc=0x000001fbbd045c3e sp=0x0000003fe22f9e70
Event: 6.683 Thread 0x000001fbb94f9c10 DEOPT UNPACKING pc=0x000001fbc4137143 sp=0x0000003fe22f92f0 mode 0
Event: 6.685 Thread 0x000001fbb94f9c10 DEOPT PACKING pc=0x000001fbbd045c3e sp=0x0000003fe22f9e70
Event: 6.685 Thread 0x000001fbb94f9c10 DEOPT UNPACKING pc=0x000001fbc4137143 sp=0x0000003fe22f92f0 mode 0
Event: 6.687 Thread 0x000001fbb94f9c10 DEOPT PACKING pc=0x000001fbbd045c3e sp=0x0000003fe22f9ee0
Event: 6.687 Thread 0x000001fbb94f9c10 DEOPT UNPACKING pc=0x000001fbc4137143 sp=0x0000003fe22f9360 mode 0
Event: 6.688 Thread 0x000001fbb94f9c10 DEOPT PACKING pc=0x000001fbbd045c3e sp=0x0000003fe22f9ee0
Event: 6.688 Thread 0x000001fbb94f9c10 DEOPT UNPACKING pc=0x000001fbc4137143 sp=0x0000003fe22f9360 mode 0
Event: 6.689 Thread 0x000001fbb94f9c10 DEOPT PACKING pc=0x000001fbbd045c3e sp=0x0000003fe22f9e70
Event: 6.689 Thread 0x000001fbb94f9c10 DEOPT UNPACKING pc=0x000001fbc4137143 sp=0x0000003fe22f92f0 mode 0
Event: 6.818 Thread 0x000001fbb94f9c10 Uncommon trap: trap_request=0xffffff45 fr.pc=0x000001fbc4761ec4 relative=0x00000000000001c4
Event: 6.818 Thread 0x000001fbb94f9c10 Uncommon trap: reason=unstable_if action=reinterpret pc=0x000001fbc4761ec4 method=java.util.HashMap.putVal(ILjava/lang/Object;Ljava/lang/Object;ZZ)Ljava/lang/Object; @ 162 c2
Event: 6.818 Thread 0x000001fbb94f9c10 DEOPT PACKING pc=0x000001fbc4761ec4 sp=0x0000003fe22f89f0
Event: 6.818 Thread 0x000001fbb94f9c10 DEOPT UNPACKING pc=0x000001fbc41369a3 sp=0x0000003fe22f8980 mode 2

Classes unloaded (0 events):
No events

Classes redefined (0 events):
No events

Internal exceptions (20 events):
Event: 6.282 Thread 0x000001fbb94f9c10 Exception <a 'java/lang/NoSuchMethodError'{0x00000000ca6f1f58}: 'long java.lang.invoke.DirectMethodHandle$Holder.invokeVirtual(java.lang.Object, java.lang.Object)'> (0x00000000ca6f1f58) 
thrown [s\src\hotspot\share\interpreter\linkResolver.cpp, line 759]
Event: 6.447 Thread 0x000001fbb94f9c10 Exception <a 'java/lang/NoSuchMethodError'{0x00000000cbd24ef0}: 'java.lang.Object java.lang.invoke.DirectMethodHandle$Holder.invokeStaticInit(java.lang.Object, java.lang.Object, int)'> (0x00000000cbd24ef0) 
thrown [s\src\hotspot\share\interpreter\linkResolver.cpp, line 759]
Event: 6.448 Thread 0x000001fbb94f9c10 Exception <a 'java/lang/NoSuchMethodError'{0x00000000cbd2b3f0}: 'java.lang.Object java.lang.invoke.DirectMethodHandle$Holder.newInvokeSpecial(java.lang.Object, java.lang.Object, int)'> (0x00000000cbd2b3f0) 
thrown [s\src\hotspot\share\interpreter\linkResolver.cpp, line 759]
Event: 6.451 Thread 0x000001fbb94f9c10 Exception <a 'java/lang/NoSuchMethodError'{0x00000000cbd462d0}: 'int java.lang.invoke.DirectMethodHandle$Holder.invokeSpecialIFC(java.lang.Object, java.lang.Object, java.lang.Object)'> (0x00000000cbd462d0) 
thrown [s\src\hotspot\share\interpreter\linkResolver.cpp, line 759]
Event: 6.537 Thread 0x000001fbb94f9c10 Exception <a 'sun/nio/fs/WindowsException'{0x00000000cbc98768}> (0x00000000cbc98768) 
thrown [s\src\hotspot\share\prims\jni.cpp, line 516]
Event: 6.555 Thread 0x000001fbb94f9c10 Exception <a 'java/lang/NoSuchMethodError'{0x00000000cbcb8078}: 'int java.lang.invoke.DirectMethodHandle$Holder.invokeStaticInit(java.lang.Object, java.lang.Object, java.lang.Object, java.lang.Object)'> (0x00000000cbcb8078) 
thrown [s\src\hotspot\share\interpreter\linkResolver.cpp, line 759]
Event: 7.032 Thread 0x000001fbb94f9c10 Exception <a 'java/lang/NoSuchMethodError'{0x00000000cbc1d850}: 'java.lang.Object java.lang.invoke.DirectMethodHandle$Holder.invokeVirtual(java.lang.Object, java.lang.Object, java.lang.Object, java.lang.Object)'> (0x00000000cbc1d850) 
thrown [s\src\hotspot\share\interpreter\linkResolver.cpp, line 759]
Event: 7.098 Thread 0x000001fbd549bbc0 Exception <a 'java/net/ConnectException'{0x00000000cbc89ef8}: Connection refused: no further information> (0x00000000cbc89ef8) 
thrown [s\src\hotspot\share\prims\jni.cpp, line 535]
Event: 7.098 Thread 0x000001fbd549bbc0 Exception <a 'java/net/SocketException'{0x00000000cbc8a230}: Socket is not connected: shutdown> (0x00000000cbc8a230) 
thrown [s\src\hotspot\share\prims\jni.cpp, line 535]
Event: 7.110 Thread 0x000001fbd549bbc0 Exception <a 'java/net/ConnectException'{0x00000000cbc8b1a8}: Connection refused: no further information> (0x00000000cbc8b1a8) 
thrown [s\src\hotspot\share\prims\jni.cpp, line 535]
Event: 7.110 Thread 0x000001fbd549bbc0 Exception <a 'java/net/SocketException'{0x00000000cbc8b4e0}: Socket is not connected: shutdown> (0x00000000cbc8b4e0) 
thrown [s\src\hotspot\share\prims\jni.cpp, line 535]
Event: 7.143 Thread 0x000001fbd549bbc0 Exception <a 'java/net/ConnectException'{0x00000000cbc8c388}: Connection refused: no further information> (0x00000000cbc8c388) 
thrown [s\src\hotspot\share\prims\jni.cpp, line 535]
Event: 7.143 Thread 0x000001fbd549bbc0 Exception <a 'java/net/SocketException'{0x00000000cbc8c6c0}: Socket is not connected: shutdown> (0x00000000cbc8c6c0) 
thrown [s\src\hotspot\share\prims\jni.cpp, line 535]
Event: 7.190 Thread 0x000001fbd549bbc0 Exception <a 'java/net/ConnectException'{0x00000000cbc8d568}: Connection refused: no further information> (0x00000000cbc8d568) 
thrown [s\src\hotspot\share\prims\jni.cpp, line 535]
Event: 7.190 Thread 0x000001fbd549bbc0 Exception <a 'java/net/SocketException'{0x00000000cbc8d8a0}: Socket is not connected: shutdown> (0x00000000cbc8d8a0) 
thrown [s\src\hotspot\share\prims\jni.cpp, line 535]
Event: 7.341 Thread 0x000001fbb94f9c10 Exception <a 'java/lang/NoSuchMethodError'{0x00000000cb2bf648}: 'java.lang.Object java.lang.invoke.DirectMethodHandle$Holder.newInvokeSpecial(java.lang.Object, java.lang.Object, int, int)'> (0x00000000cb2bf648) 
thrown [s\src\hotspot\share\interpreter\linkResolver.cpp, line 759]
Event: 7.343 Thread 0x000001fbb94f9c10 Exception <a 'java/lang/NoSuchMethodError'{0x00000000cb2d0380}: 'void java.lang.invoke.DirectMethodHandle$Holder.invokeStatic(java.lang.Object, java.lang.Object, int)'> (0x00000000cb2d0380) 
thrown [s\src\hotspot\share\interpreter\linkResolver.cpp, line 759]
Event: 7.497 Thread 0x000001fbb94f9c10 Exception <a 'java/lang/NoSuchMethodError'{0x00000000cd3c0608}: 'void java.lang.invoke.DirectMethodHandle$Holder.invokeStatic(java.lang.Object, java.lang.Object, java.lang.Object, java.lang.Object, java.lang.Object, java.lang.Object, java.lang.Object)'> (0x00000000cd3c0608) 
thrown [s\src\hotspot\share\interpreter\linkResolver.cpp, line 759]
Event: 12.517 Thread 0x000001fbd549f370 Exception <a 'java/lang/NoSuchMethodError'{0x00000000cb2f50a8}: 'java.lang.Object java.lang.invoke.DirectMethodHandle$Holder.newInvokeSpecial(java.lang.Object, java.lang.Object, long, java.lang.Object, java.lang.Object, java.lang.Object)'> (0x00000000cb2f50a8) 
thrown [s\src\hotspot\share\interpreter\linkResolver.cpp, line 759]
Event: 12.765 Thread 0x000001fbb94f9c10 Exception <a 'java/lang/NoSuchMethodError'{0x00000000caf27250}: 'java.lang.Object java.lang.invoke.DirectMethodHandle$Holder.invokeSpecialIFC(java.lang.Object, java.lang.Object, java.lang.Object)'> (0x00000000caf27250) 
thrown [s\src\hotspot\share\interpreter\linkResolver.cpp, line 759]

VM Operations (20 events):
Event: 6.628 Executing VM operation: HandshakeAllThreads
Event: 6.628 Executing VM operation: HandshakeAllThreads done
Event: 6.730 Executing VM operation: HandshakeAllThreads
Event: 6.730 Executing VM operation: HandshakeAllThreads done
Event: 6.798 Executing VM operation: G1CollectForAllocation
Event: 6.804 Executing VM operation: G1CollectForAllocation done
Event: 7.290 Executing VM operation: HandshakeAllThreads
Event: 7.290 Executing VM operation: HandshakeAllThreads done
Event: 7.291 Executing VM operation: HandshakeAllThreads
Event: 7.291 Executing VM operation: HandshakeAllThreads done
Event: 7.293 Executing VM operation: HandshakeAllThreads
Event: 7.293 Executing VM operation: HandshakeAllThreads done
Event: 7.458 Executing VM operation: G1CollectForAllocation
Event: 7.462 Executing VM operation: G1CollectForAllocation done
Event: 8.471 Executing VM operation: Cleanup
Event: 8.471 Executing VM operation: Cleanup done
Event: 12.496 Executing VM operation: HandshakeAllThreads
Event: 12.497 Executing VM operation: HandshakeAllThreads done
Event: 12.497 Executing VM operation: Cleanup
Event: 12.497 Executing VM operation: Cleanup done

Events (20 events):
Event: 12.502 loading class java/util/LinkedList$DescendingIterator
Event: 12.503 loading class java/util/LinkedList$DescendingIterator done
Event: 12.508 loading class java/util/function/ToLongFunction
Event: 12.508 loading class java/util/function/ToLongFunction done
Event: 12.509 loading class java/util/stream/ReferencePipeline$5
Event: 12.509 loading class java/util/stream/LongPipeline$StatelessOp
Event: 12.510 loading class java/util/stream/LongPipeline
Event: 12.511 loading class java/util/stream/LongPipeline done
Event: 12.511 loading class java/util/stream/LongPipeline$StatelessOp done
Event: 12.512 loading class java/util/stream/ReferencePipeline$5 done
Event: 12.512 loading class java/util/stream/FindOps$FindSink$OfLong
Event: 12.512 loading class java/util/stream/Sink$OfLong
Event: 12.512 loading class java/util/function/LongConsumer
Event: 12.512 loading class java/util/function/LongConsumer done
Event: 12.512 loading class java/util/stream/Sink$OfLong done
Event: 12.512 loading class java/util/stream/FindOps$FindSink$OfLong done
Event: 12.514 loading class java/util/stream/ReferencePipeline$5$1
Event: 12.514 loading class java/util/stream/ReferencePipeline$5$1 done
Event: 12.661 loading class java/util/DualPivotQuicksort
Event: 12.662 loading class java/util/DualPivotQuicksort done


Dynamic libraries:
0x00007ff711eb0000 - 0x00007ff711ebe000 	C:\Users\ABINESH\.p2\pool\plugins\org.eclipse.justj.openjdk.hotspot.jre.full.win32.x86_64_17.0.9.v20231028-0858\jre\bin\javaw.exe
0x00007ffb4e770000 - 0x00007ffb4e987000 	C:\WINDOWS\SYSTEM32\ntdll.dll
0x00007ffb4dfc0000 - 0x00007ffb4e084000 	C:\WINDOWS\System32\KERNEL32.DLL
0x00007ffb4bfd0000 - 0x00007ffb4c377000 	C:\WINDOWS\System32\KERNELBASE.dll
0x00007ffb4bb30000 - 0x00007ffb4bc41000 	C:\WINDOWS\System32\ucrtbase.dll
0x00007ffb39ef0000 - 0x00007ffb39f07000 	C:\Users\ABINESH\.p2\pool\plugins\org.eclipse.justj.openjdk.hotspot.jre.full.win32.x86_64_17.0.9.v20231028-0858\jre\bin\jli.dll
0x00007ffb4e230000 - 0x00007ffb4e3de000 	C:\WINDOWS\System32\USER32.dll
0x00007ffb4be40000 - 0x00007ffb4be66000 	C:\WINDOWS\System32\win32u.dll
0x00007ffb4ce50000 - 0x00007ffb4ce79000 	C:\WINDOWS\System32\GDI32.dll
0x00007ffb4c380000 - 0x00007ffb4c499000 	C:\WINDOWS\System32\gdi32full.dll
0x00007ffb4ba90000 - 0x00007ffb4bb2a000 	C:\WINDOWS\System32\msvcp_win.dll
0x00007ffb3b790000 - 0x00007ffb3ba23000 	C:\WINDOWS\WinSxS\amd64_microsoft.windows.common-controls_6595b64144ccf1df_6.0.22621.3527_none_270e469b73872a76\COMCTL32.dll
0x00007ffb39ed0000 - 0x00007ffb39eeb000 	C:\Users\ABINESH\.p2\pool\plugins\org.eclipse.justj.openjdk.hotspot.jre.full.win32.x86_64_17.0.9.v20231028-0858\jre\bin\VCRUNTIME140.dll
0x00007ffb4da60000 - 0x00007ffb4db07000 	C:\WINDOWS\System32\msvcrt.dll
0x00007ffb4e680000 - 0x00007ffb4e6b1000 	C:\WINDOWS\System32\IMM32.DLL
0x00007ffb3c230000 - 0x00007ffb3c23c000 	C:\Users\ABINESH\.p2\pool\plugins\org.eclipse.justj.openjdk.hotspot.jre.full.win32.x86_64_17.0.9.v20231028-0858\jre\bin\vcruntime140_1.dll
0x00007ffb28cd0000 - 0x00007ffb28d5d000 	C:\Users\ABINESH\.p2\pool\plugins\org.eclipse.justj.openjdk.hotspot.jre.full.win32.x86_64_17.0.9.v20231028-0858\jre\bin\msvcp140.dll
0x00007ffb07550000 - 0x00007ffb081b1000 	C:\Users\ABINESH\.p2\pool\plugins\org.eclipse.justj.openjdk.hotspot.jre.full.win32.x86_64_17.0.9.v20231028-0858\jre\bin\server\jvm.dll
0x00007ffb4e170000 - 0x00007ffb4e222000 	C:\WINDOWS\System32\ADVAPI32.dll
0x00007ffb4ce80000 - 0x00007ffb4cf28000 	C:\WINDOWS\System32\sechost.dll
0x00007ffb4be70000 - 0x00007ffb4be98000 	C:\WINDOWS\System32\bcrypt.dll
0x00007ffb4c830000 - 0x00007ffb4c945000 	C:\WINDOWS\System32\RPCRT4.dll
0x00007ffb4b950000 - 0x00007ffb4b99d000 	C:\WINDOWS\SYSTEM32\POWRPROF.dll
0x00007ffb1e990000 - 0x00007ffb1e999000 	C:\WINDOWS\SYSTEM32\WSOCK32.dll
0x00007ffb448b0000 - 0x00007ffb448e4000 	C:\WINDOWS\SYSTEM32\WINMM.dll
0x00007ffb447d0000 - 0x00007ffb447da000 	C:\WINDOWS\SYSTEM32\VERSION.dll
0x00007ffb4e4e0000 - 0x00007ffb4e551000 	C:\WINDOWS\System32\ws2_32.DLL
0x00007ffb4b930000 - 0x00007ffb4b943000 	C:\WINDOWS\SYSTEM32\UMPDC.dll
0x00007ffb4aab0000 - 0x00007ffb4aac8000 	C:\WINDOWS\SYSTEM32\kernel.appcore.dll
0x00007ffb43660000 - 0x00007ffb4366a000 	C:\Users\ABINESH\.p2\pool\plugins\org.eclipse.justj.openjdk.hotspot.jre.full.win32.x86_64_17.0.9.v20231028-0858\jre\bin\jimage.dll
0x00007ffb42a40000 - 0x00007ffb42c72000 	C:\WINDOWS\SYSTEM32\DBGHELP.DLL
0x00007ffb4c4a0000 - 0x00007ffb4c828000 	C:\WINDOWS\System32\combase.dll
0x00007ffb4e090000 - 0x00007ffb4e167000 	C:\WINDOWS\System32\OLEAUT32.dll
0x00007ffb253c0000 - 0x00007ffb253f2000 	C:\WINDOWS\SYSTEM32\dbgcore.DLL
0x00007ffb4bc50000 - 0x00007ffb4bcc9000 	C:\WINDOWS\System32\bcryptPrimitives.dll
0x00007ffb3c4f0000 - 0x00007ffb3c515000 	C:\Users\ABINESH\.p2\pool\plugins\org.eclipse.justj.openjdk.hotspot.jre.full.win32.x86_64_17.0.9.v20231028-0858\jre\bin\java.dll
0x00007ffb3dc60000 - 0x00007ffb3dc78000 	C:\Users\ABINESH\.p2\pool\plugins\org.eclipse.justj.openjdk.hotspot.jre.full.win32.x86_64_17.0.9.v20231028-0858\jre\bin\zip.dll
0x00007ffb4d0f0000 - 0x00007ffb4d94c000 	C:\WINDOWS\System32\SHELL32.dll
0x00007ffb499d0000 - 0x00007ffb4a2c6000 	C:\WINDOWS\SYSTEM32\windows.storage.dll
0x00007ffb49890000 - 0x00007ffb499ce000 	C:\WINDOWS\SYSTEM32\wintypes.dll
0x00007ffb4e580000 - 0x00007ffb4e675000 	C:\WINDOWS\System32\SHCORE.dll
0x00007ffb4d950000 - 0x00007ffb4d9ae000 	C:\WINDOWS\System32\shlwapi.dll
0x00007ffb4b9c0000 - 0x00007ffb4b9e1000 	C:\WINDOWS\SYSTEM32\profapi.dll
0x00007ffb3da10000 - 0x00007ffb3da29000 	C:\Users\ABINESH\.p2\pool\plugins\org.eclipse.justj.openjdk.hotspot.jre.full.win32.x86_64_17.0.9.v20231028-0858\jre\bin\net.dll
0x00007ffb44640000 - 0x00007ffb44776000 	C:\WINDOWS\SYSTEM32\WINHTTP.dll
0x00007ffb4af20000 - 0x00007ffb4af89000 	C:\WINDOWS\system32\mswsock.dll
0x00007ffb3d9f0000 - 0x00007ffb3da06000 	C:\Users\ABINESH\.p2\pool\plugins\org.eclipse.justj.openjdk.hotspot.jre.full.win32.x86_64_17.0.9.v20231028-0858\jre\bin\nio.dll
0x00007ffb4a5f0000 - 0x00007ffb4a6e8000 	C:\WINDOWS\SYSTEM32\DNSAPI.dll
0x00007ffb4a570000 - 0x00007ffb4a59d000 	C:\WINDOWS\SYSTEM32\IPHLPAPI.DLL
0x00007ffb4cab0000 - 0x00007ffb4cab9000 	C:\WINDOWS\System32\NSI.dll
0x00007ffb32140000 - 0x00007ffb3214a000 	C:\Windows\System32\rasadhlp.dll
0x00007ffb40530000 - 0x00007ffb405b3000 	C:\WINDOWS\System32\fwpuclnt.dll
0x00007ffb4b180000 - 0x00007ffb4b19b000 	C:\WINDOWS\SYSTEM32\CRYPTSP.dll
0x00007ffb4aa10000 - 0x00007ffb4aa45000 	C:\WINDOWS\system32\rsaenh.dll
0x00007ffb4b020000 - 0x00007ffb4b048000 	C:\WINDOWS\SYSTEM32\USERENV.dll
0x00007ffb4b1a0000 - 0x00007ffb4b1ac000 	C:\WINDOWS\SYSTEM32\CRYPTBASE.dll
0x00007ffb447e0000 - 0x00007ffb447f9000 	C:\WINDOWS\SYSTEM32\dhcpcsvc6.DLL
0x00007ffb44550000 - 0x00007ffb4456f000 	C:\WINDOWS\SYSTEM32\dhcpcsvc.DLL
0x00007ffb48b80000 - 0x00007ffb48b8e000 	C:\Users\ABINESH\.p2\pool\plugins\org.eclipse.justj.openjdk.hotspot.jre.full.win32.x86_64_17.0.9.v20231028-0858\jre\bin\sunmscapi.dll
0x00007ffb4bcd0000 - 0x00007ffb4be38000 	C:\WINDOWS\System32\CRYPT32.dll
0x00007ffb4b340000 - 0x00007ffb4b36e000 	C:\WINDOWS\SYSTEM32\ncrypt.dll
0x00007ffb4b300000 - 0x00007ffb4b337000 	C:\WINDOWS\SYSTEM32\NTASN1.dll
0x00007ffaa3c70000 - 0x00007ffaa3c78000 	C:\WINDOWS\system32\wshunix.dll

dbghelp: loaded successfully - version: 4.0.5 - missing functions: none
symbol engine: initialized successfully - sym options: 0x614 - pdb path: .;C:\Users\ABINESH\.p2\pool\plugins\org.eclipse.justj.openjdk.hotspot.jre.full.win32.x86_64_17.0.9.v20231028-0858\jre\bin;C:\WINDOWS\SYSTEM32;C:\WINDOWS\WinSxS\amd64_microsoft.windows.common-controls_6595b64144ccf1df_6.0.22621.3527_none_270e469b73872a76;C:\Users\ABINESH\.p2\pool\plugins\org.eclipse.justj.openjdk.hotspot.jre.full.win32.x86_64_17.0.9.v20231028-0858\jre\bin\server

VM Arguments:
jvm_args: -ea -Dfile.encoding=UTF-8 -Dstdout.encoding=UTF-8 -Dstderr.encoding=UTF-8 -XX:+ShowCodeDetailsInExceptionMessages 
java_command: org.testng.remote.RemoteTestNG -serport 57557 -protocol json -d C:\Users\ABINESH\OneDrive\Desktop\Mahesh P\BookCart\test-output C:\Users\ABINESH\AppData\Local\Temp\testng-eclipse--346846427\testng-customsuite.xml
java_class_path (initial): C:\Users\ABINESH\eclipse\java-2023-122\eclipse\configuration\org.eclipse.osgi\533\0\.cp\lib\testng-remote.jar;C:\Users\ABINESH\OneDrive\Desktop\Mahesh P\BookCart\target\test-classes;C:\Users\ABINESH\OneDrive\Desktop\Mahesh P\BookCart\target\classes;C:\Users\ABINESH\.p2\pool\plugins\org.testng_7.4.0.r202105021533.jar;C:\Users\ABINESH\.p2\pool\plugins\com.beust.jcommander_1.78.0.jar;C:\Users\ABINESH\.p2\pool\plugins\org.apache-extras.beanshell.bsh_2.0.0.b6.jar;C:\Users\ABINESH\.p2\pool\plugins\org.yaml.snakeyaml_1.21.0.jar;C:\Users\ABINESH\.p2\pool\plugins\org.webjars.jquery_3.5.1.jar;C:\Users\ABINESH\.m2\repository\org\seleniumhq\selenium\selenium-java\4.15.0\selenium-java-4.15.0.jar;C:\Users\ABINESH\.m2\repository\org\seleniumhq\selenium\selenium-api\4.15.0\selenium-api-4.15.0.jar;C:\Users\ABINESH\.m2\repository\org\seleniumhq\selenium\selenium-chrome-driver\4.15.0\selenium-chrome-driver-4.15.0.jar;C:\Users\ABINESH\.m2\repository\com\google\auto\service\auto-service-annotations\1.1.1\auto-service-annotations-1.1.1.jar;C:\Users\ABINESH\.m2\repository\org\seleniumhq\selenium\selenium-chromium-driver\4.15.0\selenium-chromium-driver-4.15.0.jar;C:\Users\ABINESH\.m2\repository\org\seleniumhq\selenium\selenium-json\4.15.0\selenium-json-4.15.0.jar;C:\Users\ABINESH\.m2\repository\org\seleniumhq\selenium\selenium-manager\4.15.0\selenium-manager-4.15.0.jar;C:\Users\ABINESH\.m2\repository\org\seleniumhq\selenium\selenium-devtools-v117\4.15.0\selenium-devtools-v117-4.15.0.jar;C:\Users\ABINESH\.m2\repository\org\seleniumhq\selenium\selenium-devtools-v118\4.15.0\selenium-devtools-v118-4.15.0.jar;C:\Users\ABINESH\.m2\repository\org\seleniumhq\selenium\selenium-devtools-v119\4.15.0\selenium-devtools-v119-4.15.0.jar;C:\Users\ABINESH\.m2\repository\org\seleniumhq\selenium\selenium-devtools-v85\4.15.0\selenium-devtools-v85-4.15.0.jar;C:\Users\ABINESH\.m2\repository\org\seleniumhq\selenium\selenium-edge-driver\4.15.0\selenium-edge-driver-4.15.0.jar;C:\Users\
Launcher Type: SUN_STANDARD

[Global flags]
     intx CICompilerCount                          = 3                                         {product} {ergonomic}
     uint ConcGCThreads                            = 1                                         {product} {ergonomic}
     uint G1ConcRefinementThreads                  = 4                                         {product} {ergonomic}
   size_t G1HeapRegionSize                         = 1048576                                   {product} {ergonomic}
    uintx GCDrainStackTargetSize                   = 64                                        {product} {ergonomic}
   size_t InitialHeapSize                          = 58720256                                  {product} {ergonomic}
   size_t MarkStackSize                            = 4194304                                   {product} {ergonomic}
   size_t MaxHeapSize                              = 910163968                                 {product} {ergonomic}
   size_t MaxNewSize                               = 545259520                                 {product} {ergonomic}
   size_t MinHeapDeltaBytes                        = 1048576                                   {product} {ergonomic}
   size_t MinHeapSize                              = 8388608                                   {product} {ergonomic}
    uintx NonNMethodCodeHeapSize                   = 5832780                                {pd product} {ergonomic}
    uintx NonProfiledCodeHeapSize                  = 122912730                              {pd product} {ergonomic}
    uintx ProfiledCodeHeapSize                     = 122912730                              {pd product} {ergonomic}
    uintx ReservedCodeCacheSize                    = 251658240                              {pd product} {ergonomic}
     bool SegmentedCodeCache                       = true                                      {product} {ergonomic}
     bool ShowCodeDetailsInExceptionMessages       = true                                   {manageable} {command line}
   size_t SoftMaxHeapSize                          = 910163968                              {manageable} {ergonomic}
     bool UseCompressedClassPointers               = true                           {product lp64_product} {ergonomic}
     bool UseCompressedOops                        = true                           {product lp64_product} {ergonomic}
     bool UseG1GC                                  = true                                      {product} {ergonomic}
     bool UseLargePagesIndividualAllocation        = false                                  {pd product} {ergonomic}

Logging:
Log output configuration:
 #0: stdout all=warning uptime,level,tags
 #1: stderr all=off uptime,level,tags

Environment Variables:
JAVA_HOME=C:\Program Files\Java\jdk-11
PATH=C:/Users/ABINESH/.p2/pool/plugins/org.eclipse.justj.openjdk.hotspot.jre.full.win32.x86_64_17.0.9.v20231028-0858/jre/bin/server;C:/Users/ABINESH/.p2/pool/plugins/org.eclipse.justj.openjdk.hotspot.jre.full.win32.x86_64_17.0.9.v20231028-0858/jre/bin;C:\Program Files\Common Files\Oracle\Java\javapath;C:\oraclexe\app\oracle\product\10.2.0\server\bin;C:\WINDOWS\system32;C:\WINDOWS;C:\WINDOWS\System32\Wbem;C:\WINDOWS\System32\WindowsPowerShell\v1.0\;C:\WINDOWS\System32\OpenSSH\;C:\Program Files\dotnet\;C:\Users\ABINESH\AppData\Local\Android\Sdk\platform-tools;C:\Users\ABINESH\AppData\Local\Programs\Python;C:\Program Files\nodejs\;C:\Program Files\Git\cmd;C:\Users\ABINESH\AppData\Local\Programs\Python\Python310\Scripts\;C:\Users\ABINESH\AppData\Local\Programs\Python\Python310\;C:\Users\ABINESH\AppData\Local\Microsoft\WindowsApps;C:\Users\ABINESH\AppData\Local\GitHubDesktop\bin;C:\Users\ABINESH\AppData\Roaming\npm;C:\Users\ABINESH\OneDrive\Desktop;
USERNAME=ABINESH
OS=Windows_NT
PROCESSOR_IDENTIFIER=AMD64 Family 23 Model 24 Stepping 1, AuthenticAMD
TMP=C:\Users\ABINESH\AppData\Local\Temp
TEMP=C:\Users\ABINESH\AppData\Local\Temp



Periodic native trim disabled


---------------  S Y S T E M  ---------------

OS:
 Windows 11 , 64 bit Build 22621 (10.0.22621.3527)
OS uptime: 14 days 3:09 hours

CPU: total 4 (initial active 4) (4 cores per cpu, 2 threads per core) family 23 model 24 stepping 1 microcode 0x0, cx8, cmov, fxsr, ht, mmx, 3dnowpref, sse, sse2, sse3, ssse3, sse4a, sse4.1, sse4.2, popcnt, lzcnt, tsc, tscinvbit, avx, avx2, aes, clmul, bmi1, bmi2, adx, sha, fma, vzeroupper, clflush, clflushopt
Processor Information for all 4 processors :
  Max Mhz: 2600, Current Mhz: 2600, Mhz Limit: 2600

Memory: 4k page, system-wide physical 3470M (147M free)
TotalPageFile size 14222M (AvailPageFile size 2M)
current process WorkingSet (physical memory assigned to process): 118M, peak: 125M
current process commit charge ("private bytes"): 145M, peak: 161M

vm_info: OpenJDK 64-Bit Server VM (17.0.9+9) for windows-amd64 JRE (17.0.9+9), built on Oct 26 2023 14:01:42 by "admin" with MS VC++ 16.10 / 16.11 (VS2019)

END.
